2026-03-08 13:11:34,247 - INFO - «апуск бота...
2026-03-08 13:11:34,268 - INFO - Connecting to 149.154.167.51:443/TcpFull...
2026-03-08 13:11:35,773 - INFO - Connection to 149.154.167.51:443/TcpFull complete!
2026-03-08 13:15:12,745 - INFO - «апуск бота...
2026-03-08 13:15:12,747 - INFO - Connecting to 149.154.167.51:443/TcpFull...
2026-03-08 13:15:12,751 - INFO - Connection to 149.154.167.51:443/TcpFull complete!
2026-03-08 13:16:15,434 - INFO - «апуск бота...
2026-03-08 13:16:15,436 - INFO - Connecting to 149.154.167.51:443/TcpFull...
2026-03-08 13:16:15,439 - INFO - Connection to 149.154.167.51:443/TcpFull complete!
2026-03-08 13:44:16,896 - INFO - «апуск бота...
2026-03-08 13:44:16,898 - INFO - Connecting to 149.154.167.51:443/TcpFull...
2026-03-08 13:44:16,902 - INFO - Connection to 149.154.167.51:443/TcpFull complete!
2026-03-08 13:44:18,087 - ERROR - —есси€ не авторизована. —начала выполни авторизацию:
2026-03-08 13:44:18,088 - INFO -   python auth.py
2026-03-08 13:44:18,088 - INFO - ѕосле ввода кода и создани€ gym_session.session запусти снова: python bot.py
2026-03-08 13:44:18,089 - INFO - Disconnecting from 149.154.167.51:443/TcpFull...
2026-03-08 13:44:18,089 - INFO - Disconnection from 149.154.167.51:443/TcpFull complete!
2026-03-08 13:45:12,746 - INFO - «апуск бота...
2026-03-08 13:45:12,749 - INFO - Connecting to 149.154.167.51:443/TcpFull...
2026-03-08 13:45:12,752 - INFO - Connection to 149.154.167.51:443/TcpFull complete!
2026-03-08 13:45:13,916 - INFO - ѕодключились к Telegram!
2026-03-08 13:47:17,932 - INFO - Ќовое сообщение [2]: https://docs.google.com/forms/d/e/1FAIpQLSela65n88TdQ_zyS-YAC1SOkJrzNUglHeUjUhE-KGBE6B9Y3g/viewform?usp=publish-editor
2026-03-08 13:47:17,939 - INFO - ќтправл€ю на: https://docs.google.com/forms/d/e/1FAIpQLSela65n88TdQ_zyS-YAC1SOkJrzNUglHeUjUhE-KGBE6B9Y3g/formResponse
2026-03-08 13:47:17,939 - INFO - ѕол€: {'entry.14248722': '–ожин —тепан —таниславович', 'entry.1479772708': '@Ami_So2', 'emailAddress': 'stepan.rozhin207@gmail.com'}
2026-03-08 13:47:23,638 - INFO - —татус ответа: 200, URL: https://docs.google.com/forms/d/e/1FAIpQLSela65n88TdQ_zyS-YAC1SOkJrzNUglHeUjUhE-KGBE6B9Y3g/viewform?pli=1&pli=1
2026-03-08 13:50:06,634 - INFO - «апуск бота...
2026-03-08 13:50:06,638 - INFO - Connecting to 149.154.167.51:443/TcpFull...
2026-03-08 13:50:06,641 - INFO - Connection to 149.154.167.51:443/TcpFull complete!
2026-03-08 13:50:08,967 - INFO - ѕодключились к Telegram!
2026-03-08 13:50:37,077 - INFO - Ќовое сообщение [3]: https://docs.google.com/forms/d/e/1FAIpQLSela65n88TdQ_zyS-YAC1SOkJrzNUglHeUjUhE-KGBE6B9Y3g/viewform?usp=publish-editor
2026-03-08 13:50:37,084 - INFO - ќтправл€ю на: https://docs.google.com/forms/d/e/1FAIpQLSela65n88TdQ_zyS-YAC1SOkJrzNUglHeUjUhE-KGBE6B9Y3g/formResponse
2026-03-08 13:50:37,084 - INFO - ѕол€: {'entry.14248722': '–ожин —тепан —таниславович', 'entry.1479772708': '@Ami_So2', 'emailAddress': 'stepan.rozhin207@gmail.com'}
2026-03-08 13:50:44,001 - INFO - —татус ответа: 200, URL: https://docs.google.com/forms/d/e/1FAIpQLSela65n88TdQ_zyS-YAC1SOkJrzNUglHeUjUhE-KGBE6B9Y3g/viewform?pli=1&pli=1
2026-03-08 13:52:00,753 - INFO - «апуск бота...
2026-03-08 13:52:00,755 - INFO - Connecting to 149.154.167.51:443/TcpFull...
2026-03-08 13:52:00,759 - INFO - Connection to 149.154.167.51:443/TcpFull complete!
2026-03-08 13:52:02,807 - INFO - ѕодключились к Telegram!
2026-03-08 13:52:42,905 - INFO - Ќовое сообщение [4]: https://docs.google.com/forms/d/e/1FAIpQLSela65n88TdQ_zyS-YAC1SOkJrzNUglHeUjUhE-KGBE6B9Y3g/viewform?usp=publish-editor
2026-03-08 13:52:42,910 - INFO - ќтправл€ю на: https://docs.google.com/forms/d/e/1FAIpQLSela65n88TdQ_zyS-YAC1SOkJrzNUglHeUjUhE-KGBE6B9Y3g/formResponse
2026-03-08 13:52:42,911 - INFO - ѕол€: {'entry.14248722': '»ванов —ергей ѕетрович', 'entry.1479772708': '@Ami_So2', 'emailAddress': 'stepan.rozhin207@gmail.com'}
2026-03-08 13:52:48,900 - INFO - —татус ответа: 200, URL: https://docs.google.com/forms/d/e/1FAIpQLSela65n88TdQ_zyS-YAC1SOkJrzNUglHeUjUhE-KGBE6B9Y3g/viewform?pli=1&pli=1
2026-03-08 14:06:14,509 - WARNING - Server closed the connection: 0 bytes read on a total of 8 expected bytes
2026-03-08 14:06:14,510 - INFO - Connection closed while receiving data: 0 bytes read on a total of 8 expected bytes
2026-03-08 14:06:14,510 - INFO - Closing current connection to begin reconnect...
2026-03-08 14:06:14,511 - INFO - Connecting to 149.154.167.51:443/TcpFull...
2026-03-08 14:06:14,517 - INFO - Connection to 149.154.167.51:443/TcpFull complete!
2026-03-08 14:12:52,675 - WARNING - Server closed the connection: [WinError 1236] ѕодключение к сети было разорвано локальной системой
2026-03-08 14:12:52,684 - INFO - Connection closed while sending data
2026-03-08 14:12:52,734 - INFO - Connection closed while receiving data: [WinError 1236] ѕодключение к сети было разорвано локальной системой
2026-03-08 14:12:52,748 - INFO - Closing current connection to begin reconnect...
2026-03-08 14:12:52,753 - INFO - Connecting to 149.154.167.51:443/TcpFull...
2026-03-08 14:12:52,760 - INFO - <class 'ConnectionAbortedError'> during disconnect: [WinError 1236] ѕодключение к сети было разорвано локальной системой
2026-03-08 14:12:52,890 - INFO - Connection to 149.154.167.51:443/TcpFull complete!
2026-03-08 14:12:53,593 - INFO - Got difference for channel 2340525585 updates
2026-03-08 14:44:10,545 - INFO - Got difference for channel 1319973745 updates
2026-03-08 14:54:12,541 - INFO - «апуск бота...
2026-03-08 14:54:12,544 - INFO - Connecting to 149.154.167.51:443/TcpFull...
2026-03-08 14:54:12,549 - INFO - Connection to 149.154.167.51:443/TcpFull complete!
2026-03-08 14:54:13,781 - INFO - ѕодключились к Telegram!
2026-03-08 14:54:38,330 - INFO - Got difference for channel 3200869408 updates
2026-03-08 14:54:38,332 - INFO - Ќовое сообщение [4]: https://docs.google.com/forms/d/e/1FAIpQLSela65n88TdQ_zyS-YAC1SOkJrzNUglHeUjUhE-KGBE6B9Y3g/viewform?usp=publish-editor
2026-03-08 14:54:38,339 - INFO - ќтправл€ю на: https://docs.google.com/forms/d/e/1FAIpQLSela65n88TdQ_zyS-YAC1SOkJrzNUglHeUjUhE-KGBE6B9Y3g/formResponse
2026-03-08 14:54:38,339 - INFO - ѕол€: {'entry.14248722': '»ванов —ергей ѕетрович', 'entry.1479772708': '@Ami_So2', 'emailAddress': 'stepan.rozhin207@gmail.com'}
2026-03-08 14:54:38,345 - INFO - Ќовое сообщение [5]: https://docs.google.com/forms/d/e/1FAIpQLSela65n88TdQ_zyS-YAC1SOkJrzNUglHeUjUhE-KGBE6B9Y3g/viewform?usp=publish-editor
2026-03-08 14:54:38,354 - INFO - ќтправл€ю на: https://docs.google.com/forms/d/e/1FAIpQLSela65n88TdQ_zyS-YAC1SOkJrzNUglHeUjUhE-KGBE6B9Y3g/formResponse
2026-03-08 14:54:38,354 - INFO - ѕол€: {'entry.14248722': '»ванов —ергей ѕетрович', 'entry.1479772708': '@Ami_So2', 'emailAddress': 'stepan.rozhin207@gmail.com'}
2026-03-08 14:54:42,981 - INFO - —татус ответа: 200, URL: https://docs.google.com/forms/d/e/1FAIpQLSela65n88TdQ_zyS-YAC1SOkJrzNUglHeUjUhE-KGBE6B9Y3g/viewform?pli=1&pli=1
2026-03-08 14:54:43,584 - INFO - —татус ответа: 200, URL: https://docs.google.com/forms/d/e/1FAIpQLSela65n88TdQ_zyS-YAC1SOkJrzNUglHeUjUhE-KGBE6B9Y3g/viewform?pli=1&pli=1
2026-03-08 14:55:51,439 - INFO - Ќовое сообщение [6]: https://docs.google.com/forms/d/e/1FAIpQLSela65n88TdQ_zyS-YAC1SOkJrzNUglHeUjUhE-KGBE6B9Y3g/viewform?usp=dialog
2026-03-08 14:55:51,452 - INFO - ќтправл€ю на: https://docs.google.com/forms/d/e/1FAIpQLSela65n88TdQ_zyS-YAC1SOkJrzNUglHeUjUhE-KGBE6B9Y3g/formResponse
2026-03-08 14:55:51,453 - INFO - ѕол€: {'entry.14248722': '»ванов —ергей ѕетрович', 'entry.1479772708': '@Ami_So2', 'emailAddress': 'stepan.rozhin207@gmail.com'}
2026-03-08 14:55:56,383 - INFO - —татус ответа: 200, URL: https://docs.google.com/forms/d/e/1FAIpQLSela65n88TdQ_zyS-YAC1SOkJrzNUglHeUjUhE-KGBE6B9Y3g/viewform?pli=1&pli=1
2026-03-08 15:07:41,210 - INFO - «апуск бота...
2026-03-08 15:07:41,212 - INFO - Connecting to 149.154.167.51:443/TcpFull...
2026-03-08 15:07:41,215 - INFO - Connection to 149.154.167.51:443/TcpFull complete!
2026-03-08 15:07:42,459 - INFO - ѕодключились к Telegram!
2026-03-08 15:08:11,385 - INFO - Ќовое сообщение [7]: https://docs.google.com/forms/d/e/1FAIpQLSela65n88TdQ_zyS-YAC1SOkJrzNUglHeUjUhE-KGBE6B9Y3g/viewform?usp=dialog
2026-03-08 15:08:11,391 - INFO - ќтправл€ю на: https://docs.google.com/forms/d/e/1FAIpQLSela65n88TdQ_zyS-YAC1SOkJrzNUglHeUjUhE-KGBE6B9Y3g/formResponse
2026-03-08 15:08:11,391 - INFO - ѕол€: {'entry.14248722': '»ванов —ергей ѕетрович', 'entry.1479772708': '@Ami_So2', 'emailAddress': 'stepan.rozhin207@gmail.com'}
2026-03-08 15:08:15,703 - INFO - —татус ответа: 200, URL: https://docs.google.com/forms/d/e/1FAIpQLSela65n88TdQ_zyS-YAC1SOkJrzNUglHeUjUhE-KGBE6B9Y3g/viewform?pli=1&pli=1
2026-03-08 15:55:34,791 - INFO - –Ч–∞–њ—Г—Б–Ї –±–Њ—В–∞ (OAuth2 –≤–µ—А—Б–Є—П)...
2026-03-08 15:55:34,806 - INFO - OAuth2 —В–Њ–Ї–µ–љ –≤–∞–ї–Є–і–µ–љ
2026-03-08 15:55:34,809 - INFO - Connecting to 149.154.167.51:443/TcpFull...
2026-03-08 15:55:34,815 - INFO - Connection to 149.154.167.51:443/TcpFull complete!
2026-03-08 15:55:35,974 - INFO - –Я–Њ–і–Ї–ї—О—З–Є–ї–Є—Б—М –Ї Telegram!
2026-03-08 15:55:35,974 - INFO - –Ь–Њ–љ–Є—В–Њ—А—О –Ї–∞–љ–∞–ї: my_gym_test
2026-03-08 15:55:59,484 - INFO - –Э–Њ–≤–Њ–µ —Б–Њ–Њ–±—Й–µ–љ–Є–µ [8]: https://docs.google.com/forms/d/e/1FAIpQLSela65n88TdQ_zyS-YAC1SOkJrzNUglHeUjUhE-KGBE6B9Y3g/viewform?usp=publish-editor
2026-03-08 15:55:59,485 - INFO - –§–Њ—А–Љ–∞ –љ–∞–є–і–µ–љ–∞: https://docs.google.com/forms/d/e/1FAIpQLSela65n88TdQ_zyS-YAC1SOkJrzNUglHeUjUhE-KGBE6B9Y3g/viewform?usp=publish-editor
2026-03-08 15:55:59,486 - INFO - –Ю—В–њ—А–∞–≤–ї—П—О –љ–∞: https://docs.google.com/forms/d/e/1FAIpQLSela65n88TdQ_zyS-YAC1SOkJrzNUglHeUjUhE-KGBE6B9Y3g/formResponse
2026-03-08 15:55:59,486 - INFO - –Я–Њ–ї—П: {'entry.14248722': '–Ш–≤–∞–љ–Њ–≤ –°–µ—А–≥–µ–є –Я–µ—В—А–Њ–≤–Є—З', 'entry.1479772708': '@Ami_So2', 'emailAddress': 'stepan.rozhin207@gmail.com'}
2026-03-08 15:56:00,278 - INFO - –°—В–∞—В—Г—Б: 401, URL: https://docs.google.com/forms/d/e/1FAIpQLSela65n88TdQ_zyS-YAC1SOkJrzNUglHeUjUhE-KGBE6B9Y3g/formResponse
2026-03-08 15:56:00,278 - ERROR - –Э–µ —Г–і–∞–ї–Њ—Б—М –Ј–∞–њ–Њ–ї–љ–Є—В—М —Д–Њ—А–Љ—Г
2026-03-08 18:15:00,881 - INFO - –Ч–∞–њ—Г—Б–Ї –±–Њ—В–∞ (Playwright –≤–µ—А—Б–Є—П)...
2026-03-08 18:15:02,342 - INFO - –Я–Њ–і–Ї–ї—О—З–Є–ї–Є—Б—М –Ї Telegram!
2026-03-08 18:15:02,342 - INFO - –Ь–Њ–љ–Є—В–Њ—А—О –Ї–∞–љ–∞–ї: my_gym_test
2026-03-08 18:16:13,137 - INFO - –Э–Њ–≤–Њ–µ —Б–Њ–Њ–±—Й–µ–љ–Є–µ [9]: https://docs.google.com/forms/d/e/1FAIpQLSela65n88TdQ_zyS-YAC1SOkJrzNUglHeUjUhE-KGBE6B9Y3g/viewform?usp=publish-editor
2026-03-08 18:16:13,138 - INFO - –§–Њ—А–Љ–∞ –љ–∞–є–і–µ–љ–∞: https://docs.google.com/forms/d/e/1FAIpQLSela65n88TdQ_zyS-YAC1SOkJrzNUglHeUjUhE-KGBE6B9Y3g/viewform?usp=publish-editor
2026-03-08 18:16:15,610 - INFO - –Ю—В–Ї—А—Л–≤–∞—О —Д–Њ—А–Љ—Г —З–µ—А–µ–Ј Playwright: https://docs.google.com/forms/d/e/1FAIpQLSela65n88TdQ_zyS-YAC1SOkJrzNUglHeUjUhE-KGBE6B9Y3g/viewform?usp=publish-editor
2026-03-08 18:16:33,804 - INFO - –Ц–і—Г 2.36 —Б–µ–Ї –њ–µ—А–µ–і –Ј–∞–њ–Њ–ї–љ–µ–љ–Є–µ–Љ —Д–Њ—А–Љ—Л (–Є–Љ–Є—В–∞—Ж–Є—П —З–µ–ї–Њ–≤–µ–Ї–∞).
2026-03-08 18:16:36,174 - INFO - –Ц–і—Г –њ–Њ–ї–µ 'entry.14248722' (input[name='entry.14248722'], textarea[name='entry.14248722'])...
2026-03-08 18:34:20,142 - INFO - –Ч–∞–њ—Г—Б–Ї –±–Њ—В–∞ (Playwright –≤–µ—А—Б–Є—П)...
2026-03-08 18:34:21,275 - INFO - –Я–Њ–і–Ї–ї—О—З–Є–ї–Є—Б—М –Ї Telegram!
2026-03-08 18:34:21,275 - INFO - –Ь–Њ–љ–Є—В–Њ—А—О –Ї–∞–љ–∞–ї: my_gym_test
2026-03-08 18:34:36,233 - INFO - –Э–Њ–≤–Њ–µ —Б–Њ–Њ–±—Й–µ–љ–Є–µ [9]: https://docs.google.com/forms/d/e/1FAIpQLSela65n88TdQ_zyS-YAC1SOkJrzNUglHeUjUhE-KGBE6B9Y3g/viewform?usp=publish-editor
2026-03-08 18:34:36,234 - INFO - –§–Њ—А–Љ–∞ –љ–∞–є–і–µ–љ–∞: https://docs.google.com/forms/d/e/1FAIpQLSela65n88TdQ_zyS-YAC1SOkJrzNUglHeUjUhE-KGBE6B9Y3g/viewform?usp=publish-editor
2026-03-08 18:34:36,234 - INFO - –Э–Њ–≤–Њ–µ —Б–Њ–Њ–±—Й–µ–љ–Є–µ [10]: https://docs.google.com/forms/d/e/1FAIpQLSela65n88TdQ_zyS-YAC1SOkJrzNUglHeUjUhE-KGBE6B9Y3g/viewform?usp=publish-editor
2026-03-08 18:34:36,235 - INFO - –§–Њ—А–Љ–∞ –љ–∞–є–і–µ–љ–∞: https://docs.google.com/forms/d/e/1FAIpQLSela65n88TdQ_zyS-YAC1SOkJrzNUglHeUjUhE-KGBE6B9Y3g/viewform?usp=publish-editor
2026-03-08 18:34:37,746 - INFO - –Ю—В–Ї—А—Л–≤–∞—О —Д–Њ—А–Љ—Г —З–µ—А–µ–Ј Playwright: https://docs.google.com/forms/d/e/1FAIpQLSela65n88TdQ_zyS-YAC1SOkJrzNUglHeUjUhE-KGBE6B9Y3g/viewform?usp=publish-editor
2026-03-08 18:34:37,750 - INFO - –Ю—В–Ї—А—Л–≤–∞—О —Д–Њ—А–Љ—Г —З–µ—А–µ–Ј Playwright: https://docs.google.com/forms/d/e/1FAIpQLSela65n88TdQ_zyS-YAC1SOkJrzNUglHeUjUhE-KGBE6B9Y3g/viewform?usp=publish-editor
2026-03-08 18:34:48,536 - INFO - –Ч–∞–њ–Њ–ї–љ—П—О –њ–Њ–ї–µ 'entry.14248722'...
2026-03-08 18:34:48,546 - INFO - –†–µ–Ј—Г–ї—М—В–∞—В –Ј–∞–њ–Њ–ї–љ–µ–љ–Є—П –њ–Њ–ї—П 'entry.14248722': not_found
2026-03-08 18:34:48,546 - WARNING - –Я–Њ–ї–µ 'entry.14248722' –љ–µ –Ј–∞–њ–Њ–ї–љ–µ–љ–Њ —З–µ—А–µ–Ј JS (not_found). –Я—А–Њ–±—Г—О —А–µ–Ј–µ—А–≤–љ—Л–є —Б–њ–Њ—Б–Њ–±...
2026-03-08 18:34:51,469 - INFO - –Я–Њ–ї–µ 'entry.14248722' –Ј–∞–њ–Њ–ї–љ–µ–љ–Њ —А–µ–Ј–µ—А–≤–љ—Л–Љ —Б–њ–Њ—Б–Њ–±–Њ–Љ.
2026-03-08 18:34:51,470 - INFO - –Ч–∞–њ–Њ–ї–љ—П—О –њ–Њ–ї–µ 'entry.1479772708'...
2026-03-08 18:34:51,481 - INFO - –†–µ–Ј—Г–ї—М—В–∞—В –Ј–∞–њ–Њ–ї–љ–µ–љ–Є—П –њ–Њ–ї—П 'entry.1479772708': ok
2026-03-08 18:34:51,481 - INFO - –Ч–∞–њ–Њ–ї–љ—П—О –њ–Њ–ї–µ 'emailAddress'...
2026-03-08 18:34:51,487 - INFO - –†–µ–Ј—Г–ї—М—В–∞—В –Ј–∞–њ–Њ–ї–љ–µ–љ–Є—П –њ–Њ–ї—П 'emailAddress': not_found
2026-03-08 18:34:51,488 - WARNING - –Я–Њ–ї–µ 'emailAddress' –љ–µ –Ј–∞–њ–Њ–ї–љ–µ–љ–Њ —З–µ—А–µ–Ј JS (not_found). –Я—А–Њ–±—Г—О —А–µ–Ј–µ—А–≤–љ—Л–є —Б–њ–Њ—Б–Њ–±...
2026-03-08 18:34:59,498 - INFO - –Ч–∞–њ–Њ–ї–љ—П—О –њ–Њ–ї–µ 'entry.14248722'...
2026-03-08 18:34:59,525 - INFO - –†–µ–Ј—Г–ї—М—В–∞—В –Ј–∞–њ–Њ–ї–љ–µ–љ–Є—П –њ–Њ–ї—П 'entry.14248722': ok
2026-03-08 18:34:59,525 - INFO - –Ч–∞–њ–Њ–ї–љ—П—О –њ–Њ–ї–µ 'entry.1479772708'...
2026-03-08 18:34:59,538 - INFO - –†–µ–Ј—Г–ї—М—В–∞—В –Ј–∞–њ–Њ–ї–љ–µ–љ–Є—П –њ–Њ–ї—П 'entry.1479772708': ok
2026-03-08 18:34:59,539 - INFO - –Ч–∞–њ–Њ–ї–љ—П—О –њ–Њ–ї–µ 'emailAddress'...
2026-03-08 18:34:59,546 - INFO - –†–µ–Ј—Г–ї—М—В–∞—В –Ј–∞–њ–Њ–ї–љ–µ–љ–Є—П –њ–Њ–ї—П 'emailAddress': not_found
2026-03-08 18:34:59,546 - WARNING - –Я–Њ–ї–µ 'emailAddress' –љ–µ –Ј–∞–њ–Њ–ї–љ–µ–љ–Њ —З–µ—А–µ–Ј JS (not_found). –Я—А–Њ–±—Г—О —А–µ–Ј–µ—А–≤–љ—Л–є —Б–њ–Њ—Б–Њ–±...
2026-03-08 18:35:21,497 - ERROR - –†–µ–Ј–µ—А–≤–љ—Л–є —Б–њ–Њ—Б–Њ–± –љ–µ —Б—А–∞–±–Њ—В–∞–ї –і–ї—П 'emailAddress': Locator.fill: Timeout 30000ms exceeded.
Call log:
  - waiting for locator("input:not([type=\"hidden\"]):not([type=\"submit\"]), textarea").nth(2)

2026-03-08 18:35:22,007 - INFO - –Ш—Й—Г –Ї–љ–Њ–њ–Ї—Г –Њ—В–њ—А–∞–≤–Ї–Є —Д–Њ—А–Љ—Л...
2026-03-08 18:35:22,025 - INFO - –Ъ–љ–Њ–њ–Ї–∞ Submit –љ–∞–є–і–µ–љ–∞ –њ–Њ —Б–µ–ї–µ–Ї—В–Њ—А—Г: div[role='button'][jsname='M2UYVd']
2026-03-08 18:35:22,113 - INFO - –Ъ–љ–Њ–њ–Ї–∞ –Њ—В–њ—А–∞–≤–Ї–Є –љ–∞–ґ–∞—В–∞, –ґ–і—Г –Њ—В–≤–µ—В...
2026-03-08 18:35:24,291 - INFO - URL –њ–Њ—Б–ї–µ –Њ—В–њ—А–∞–≤–Ї–Є: https://docs.google.com/forms/d/e/1FAIpQLSela65n88TdQ_zyS-YAC1SOkJrzNUglHeUjUhE-KGBE6B9Y3g/viewform?pli=1
2026-03-08 18:35:24,292 - ERROR - Google –≤–µ—А–љ—Г–ї —Б—В—А–∞–љ–Є—Ж—Г —Д–Њ—А–Љ—Л —Б–љ–Њ–≤–∞ вАФ –Њ—В–њ—А–∞–≤–Ї–∞ –љ–µ –њ—А–Њ—И–ї–∞.
2026-03-08 18:35:25,694 - ERROR - –Ю—В–њ—А–∞–≤–Ї–∞ –Ј–∞–≤–µ—А—И–Є–ї–∞—Б—М —Б –Њ—И–Є–±–Ї–Њ–є.
2026-03-08 18:35:29,564 - ERROR - –†–µ–Ј–µ—А–≤–љ—Л–є —Б–њ–Њ—Б–Њ–± –љ–µ —Б—А–∞–±–Њ—В–∞–ї –і–ї—П 'emailAddress': Locator.fill: Timeout 30000ms exceeded.
Call log:
  - waiting for locator("input:not([type=\"hidden\"]):not([type=\"submit\"]), textarea").nth(2)

2026-03-08 18:35:30,071 - INFO - –Ш—Й—Г –Ї–љ–Њ–њ–Ї—Г –Њ—В–њ—А–∞–≤–Ї–Є —Д–Њ—А–Љ—Л...
2026-03-08 18:35:30,086 - INFO - –Ъ–љ–Њ–њ–Ї–∞ Submit –љ–∞–є–і–µ–љ–∞ –њ–Њ —Б–µ–ї–µ–Ї—В–Њ—А—Г: div[role='button'][jsname='M2UYVd']
2026-03-08 18:44:28,008 - INFO - –Ч–∞–њ—Г—Б–Ї –±–Њ—В–∞ (Playwright –≤–µ—А—Б–Є—П)...
2026-03-08 18:44:29,348 - INFO - –Я–Њ–і–Ї–ї—О—З–Є–ї–Є—Б—М –Ї Telegram!
2026-03-08 18:44:29,349 - INFO - –Ь–Њ–љ–Є—В–Њ—А—О –Ї–∞–љ–∞–ї: my_gym_test
2026-03-08 18:44:46,168 - INFO - –Э–Њ–≤–Њ–µ —Б–Њ–Њ–±—Й–µ–љ–Є–µ [11]: https://docs.google.com/forms/d/e/1FAIpQLSela65n88TdQ_zyS-YAC1SOkJrzNUglHeUjUhE-KGBE6B9Y3g/viewform?usp=publish-editor
2026-03-08 18:44:46,168 - INFO - –§–Њ—А–Љ–∞ –љ–∞–є–і–µ–љ–∞: https://docs.google.com/forms/d/e/1FAIpQLSela65n88TdQ_zyS-YAC1SOkJrzNUglHeUjUhE-KGBE6B9Y3g/viewform?usp=publish-editor
2026-03-08 18:44:47,428 - INFO - –Ю—В–Ї—А—Л–≤–∞—О —Д–Њ—А–Љ—Г —З–µ—А–µ–Ј Playwright: https://docs.google.com/forms/d/e/1FAIpQLSela65n88TdQ_zyS-YAC1SOkJrzNUglHeUjUhE-KGBE6B9Y3g/viewform?usp=publish-editor
2026-03-08 18:45:04,859 - INFO - –Ч–∞–њ–Њ–ї–љ—П—О –њ–Њ–ї–µ 'entry.14248722'...
2026-03-08 18:45:04,886 - INFO - –†–µ–Ј—Г–ї—М—В–∞—В –Ј–∞–њ–Њ–ї–љ–µ–љ–Є—П –њ–Њ–ї—П 'entry.14248722': ok
2026-03-08 18:45:04,887 - INFO - –Ч–∞–њ–Њ–ї–љ—П—О –њ–Њ–ї–µ 'entry.1479772708'...
2026-03-08 18:45:04,899 - INFO - –†–µ–Ј—Г–ї—М—В–∞—В –Ј–∞–њ–Њ–ї–љ–µ–љ–Є—П –њ–Њ–ї—П 'entry.1479772708': ok
2026-03-08 18:45:04,899 - INFO - –Ч–∞–њ–Њ–ї–љ—П—О –њ–Њ–ї–µ 'emailAddress'...
2026-03-08 18:45:04,906 - INFO - –І–µ–Ї–±–Њ–Ї—Б emailAddress: not_found
2026-03-08 18:45:05,576 - INFO - –°–Ї—А–Є–љ—И–Њ—В –і–Њ –Њ—В–њ—А–∞–≤–Ї–Є —Б–Њ—Е—А–∞–љ—С–љ: playwright_before_submit.png
2026-03-08 18:45:05,576 - INFO - –Ш—Й—Г –Ї–љ–Њ–њ–Ї—Г –Њ—В–њ—А–∞–≤–Ї–Є —Д–Њ—А–Љ—Л...
2026-03-08 18:45:05,596 - INFO - –Ъ–љ–Њ–њ–Ї–∞ Submit –љ–∞–є–і–µ–љ–∞ –њ–Њ —Б–µ–ї–µ–Ї—В–Њ—А—Г: div[role='button'][jsname='M2UYVd']
2026-03-08 18:45:05,621 - INFO - –Ъ–љ–Њ–њ–Ї–∞ –Њ—В–њ—А–∞–≤–Ї–Є –љ–∞–ґ–∞—В–∞ (JS click), –ґ–і—Г –Њ—В–≤–µ—В...
2026-03-08 18:45:07,779 - INFO - URL –њ–Њ—Б–ї–µ –Њ—В–њ—А–∞–≤–Ї–Є: https://docs.google.com/forms/d/e/1FAIpQLSela65n88TdQ_zyS-YAC1SOkJrzNUglHeUjUhE-KGBE6B9Y3g/viewform?pli=1
2026-03-08 18:45:07,780 - ERROR - Google –≤–µ—А–љ—Г–ї —Б—В—А–∞–љ–Є—Ж—Г —Д–Њ—А–Љ—Л —Б–љ–Њ–≤–∞ вАФ –Њ—В–њ—А–∞–≤–Ї–∞ –љ–µ –њ—А–Њ—И–ї–∞.
2026-03-08 18:45:08,922 - ERROR - –Ю—В–њ—А–∞–≤–Ї–∞ –Ј–∞–≤–µ—А—И–Є–ї–∞—Б—М —Б –Њ—И–Є–±–Ї–Њ–є.
2026-03-08 20:24:25,140 - INFO - –Ч–∞–њ—Г—Б–Ї –±–Њ—В–∞ (Playwright –≤–µ—А—Б–Є—П)...
2026-03-08 20:24:26,409 - INFO - –Я–Њ–і–Ї–ї—О—З–Є–ї–Є—Б—М –Ї Telegram!
2026-03-08 20:24:26,410 - INFO - –Ь–Њ–љ–Є—В–Њ—А—О –Ї–∞–љ–∞–ї: my_gym_test
2026-03-08 20:25:13,624 - INFO - –Э–Њ–≤–Њ–µ —Б–Њ–Њ–±—Й–µ–љ–Є–µ [11]: https://docs.google.com/forms/d/e/1FAIpQLSela65n88TdQ_zyS-YAC1SOkJrzNUglHeUjUhE-KGBE6B9Y3g/viewform?usp=publish-editor
2026-03-08 20:25:13,625 - INFO - –§–Њ—А–Љ–∞ –љ–∞–є–і–µ–љ–∞: https://docs.google.com/forms/d/e/1FAIpQLSela65n88TdQ_zyS-YAC1SOkJrzNUglHeUjUhE-KGBE6B9Y3g/viewform?usp=publish-editor
2026-03-08 20:25:13,625 - INFO - –Э–Њ–≤–Њ–µ —Б–Њ–Њ–±—Й–µ–љ–Є–µ [12]: https://docs.google.com/forms/d/e/1FAIpQLSela65n88TdQ_zyS-YAC1SOkJrzNUglHeUjUhE-KGBE6B9Y3g/viewform?usp=publish-editor
2026-03-08 20:25:13,626 - INFO - –§–Њ—А–Љ–∞ –љ–∞–є–і–µ–љ–∞: https://docs.google.com/forms/d/e/1FAIpQLSela65n88TdQ_zyS-YAC1SOkJrzNUglHeUjUhE-KGBE6B9Y3g/viewform?usp=publish-editor
2026-03-08 20:25:15,041 - INFO - –Ю—В–Ї—А—Л–≤–∞—О —Д–Њ—А–Љ—Г —З–µ—А–µ–Ј Playwright: https://docs.google.com/forms/d/e/1FAIpQLSela65n88TdQ_zyS-YAC1SOkJrzNUglHeUjUhE-KGBE6B9Y3g/viewform?usp=publish-editor
2026-03-08 20:25:15,064 - INFO - –Ю—В–Ї—А—Л–≤–∞—О —Д–Њ—А–Љ—Г —З–µ—А–µ–Ј Playwright: https://docs.google.com/forms/d/e/1FAIpQLSela65n88TdQ_zyS-YAC1SOkJrzNUglHeUjUhE-KGBE6B9Y3g/viewform?usp=publish-editor
2026-03-08 20:25:21,900 - WARNING - –Я–µ—А–µ–љ–∞–њ—А–∞–≤–ї–µ–љ–Є–µ –љ–∞ —Б—В—А–∞–љ–Є—Ж—Г –ї–Њ–≥–Є–љ–∞ Google. –Э—Г–ґ–љ–∞ –њ–Њ–≤—В–Њ—А–љ–∞—П –∞–≤—В–Њ—А–Є–Ј–∞—Ж–Є—П.
2026-03-08 20:25:22,878 - WARNING - –Ю—В–њ—А–∞–≤–Ї–∞ –љ–µ —Г–і–∞–ї–∞—Б—М –Є–Ј-–Ј–∞ –њ—А–Њ—Б—А–Њ—З–µ–љ–љ–Њ–є —Б–µ—Б—Б–Є–Є Google.
2026-03-08 20:25:23,566 - WARNING - –Я–µ—А–µ–љ–∞–њ—А–∞–≤–ї–µ–љ–Є–µ –љ–∞ —Б—В—А–∞–љ–Є—Ж—Г –ї–Њ–≥–Є–љ–∞ Google. –Э—Г–ґ–љ–∞ –њ–Њ–≤—В–Њ—А–љ–∞—П –∞–≤—В–Њ—А–Є–Ј–∞—Ж–Є—П.
2026-03-08 20:25:24,464 - WARNING - –Ю—В–њ—А–∞–≤–Ї–∞ –љ–µ —Г–і–∞–ї–∞—Б—М –Є–Ј-–Ј–∞ –њ—А–Њ—Б—А–Њ—З–µ–љ–љ–Њ–є —Б–µ—Б—Б–Є–Є Google.
2026-03-08 20:27:23,809 - INFO - –Ч–∞–њ—Г—Б–Ї –±–Њ—В–∞ (Playwright –≤–µ—А—Б–Є—П)...
2026-03-08 20:27:25,339 - INFO - –Я–Њ–і–Ї–ї—О—З–Є–ї–Є—Б—М –Ї Telegram!
2026-03-08 20:27:25,340 - INFO - –Ь–Њ–љ–Є—В–Њ—А—О –Ї–∞–љ–∞–ї: my_gym_test
2026-03-08 20:27:30,989 - INFO - –Э–Њ–≤–Њ–µ —Б–Њ–Њ–±—Й–µ–љ–Є–µ [13]: https://docs.google.com/forms/d/e/1FAIpQLSela65n88TdQ_zyS-YAC1SOkJrzNUglHeUjUhE-KGBE6B9Y3g/viewform?usp=publish-editor
2026-03-08 20:27:30,989 - INFO - –§–Њ—А–Љ–∞ –љ–∞–є–і–µ–љ–∞: https://docs.google.com/forms/d/e/1FAIpQLSela65n88TdQ_zyS-YAC1SOkJrzNUglHeUjUhE-KGBE6B9Y3g/viewform?usp=publish-editor
2026-03-08 20:27:32,246 - INFO - –Ю—В–Ї—А—Л–≤–∞—О —Д–Њ—А–Љ—Г —З–µ—А–µ–Ј Playwright: https://docs.google.com/forms/d/e/1FAIpQLSela65n88TdQ_zyS-YAC1SOkJrzNUglHeUjUhE-KGBE6B9Y3g/viewform?usp=publish-editor
2026-03-08 20:27:38,696 - INFO - –Ч–∞–њ–Њ–ї–љ—П—О –њ–Њ–ї–µ 'entry.14248722' (–Є–љ–і–µ–Ї—Б 0)...
2026-03-08 20:27:38,911 - INFO - –†–µ–Ј—Г–ї—М—В–∞—В –Ј–∞–њ–Њ–ї–љ–µ–љ–Є—П –њ–Њ–ї—П 'entry.14248722': ok
2026-03-08 20:27:38,912 - INFO - –Ч–∞–њ–Њ–ї–љ—П—О –њ–Њ–ї–µ 'entry.1479772708' (–Є–љ–і–µ–Ї—Б 1)...
2026-03-08 20:27:38,992 - INFO - –†–µ–Ј—Г–ї—М—В–∞—В –Ј–∞–њ–Њ–ї–љ–µ–љ–Є—П –њ–Њ–ї—П 'entry.1479772708': ok
2026-03-08 20:27:38,993 - INFO - –Ч–∞–њ–Њ–ї–љ—П—О –њ–Њ–ї–µ 'emailAddress'...
2026-03-08 20:27:39,004 - INFO - –І–µ–Ї–±–Њ–Ї—Б emailAddress: ok
2026-03-08 20:27:39,641 - INFO - –°–Ї—А–Є–љ—И–Њ—В –і–Њ –Њ—В–њ—А–∞–≤–Ї–Є —Б–Њ—Е—А–∞–љ—С–љ: playwright_before_submit.png
2026-03-08 20:27:39,641 - INFO - –Ш—Й—Г –Ї–љ–Њ–њ–Ї—Г –Њ—В–њ—А–∞–≤–Ї–Є —Д–Њ—А–Љ—Л...
2026-03-08 20:27:39,649 - INFO - –Ъ–љ–Њ–њ–Ї–∞ Submit –љ–∞–є–і–µ–љ–∞ –њ–Њ —Б–µ–ї–µ–Ї—В–Њ—А—Г: div[role='button'][jsname='M2UYVd']
2026-03-08 20:27:39,654 - INFO - –Ъ–љ–Њ–њ–Ї–∞ –Њ—В–њ—А–∞–≤–Ї–Є –љ–∞–ґ–∞—В–∞ (JS click), –ґ–і—Г –Њ—В–≤–µ—В...
2026-03-08 20:27:41,880 - INFO - URL –њ–Њ—Б–ї–µ –Њ—В–њ—А–∞–≤–Ї–Є: https://docs.google.com/forms/u/0/d/e/1FAIpQLSela65n88TdQ_zyS-YAC1SOkJrzNUglHeUjUhE-KGBE6B9Y3g/formResponse?pli=1
2026-03-08 20:27:41,880 - INFO - –§–Њ—А–Љ–∞ —Г—Б–њ–µ—И–љ–Њ –Њ—В–њ—А–∞–≤–ї–µ–љ–∞ (–њ–Њ —В–µ–Ї—Б—В—Г —Б—В—А–∞–љ–Є—Ж—Л).
2026-03-08 20:27:43,364 - INFO - –§–Њ—А–Љ–∞ –Њ—В–њ—А–∞–≤–ї–µ–љ–∞ —Г—Б–њ–µ—И–љ–Њ.
2026-03-08 20:36:14,585 - INFO - –Ч–∞–њ—Г—Б–Ї –±–Њ—В–∞ (Playwright –≤–µ—А—Б–Є—П)...
2026-03-08 20:36:15,965 - INFO - –Я–Њ–і–Ї–ї—О—З–Є–ї–Є—Б—М –Ї Telegram!
2026-03-08 20:36:15,965 - INFO - –Ь–Њ–љ–Є—В–Њ—А—О –Ї–∞–љ–∞–ї: my_gym_test
2026-03-08 20:36:25,282 - INFO - –Э–Њ–≤–Њ–µ —Б–Њ–Њ–±—Й–µ–љ–Є–µ [14]: https://docs.google.com/forms/d/e/1FAIpQLSela65n88TdQ_zyS-YAC1SOkJrzNUglHeUjUhE-KGBE6B9Y3g/viewform?usp=publish-editor
2026-03-08 20:36:25,282 - INFO - –§–Њ—А–Љ–∞ –љ–∞–є–і–µ–љ–∞: https://docs.google.com/forms/d/e/1FAIpQLSela65n88TdQ_zyS-YAC1SOkJrzNUglHeUjUhE-KGBE6B9Y3g/viewform?usp=publish-editor
2026-03-08 20:36:26,450 - INFO - –Ю—В–Ї—А—Л–≤–∞—О —Д–Њ—А–Љ—Г —З–µ—А–µ–Ј Playwright: https://docs.google.com/forms/d/e/1FAIpQLSela65n88TdQ_zyS-YAC1SOkJrzNUglHeUjUhE-KGBE6B9Y3g/viewform?usp=publish-editor
2026-03-08 20:36:34,134 - INFO - –Ч–∞–њ–Њ–ї–љ—П—О –њ–Њ–ї–µ 'entry.14248722' (–Є–љ–і–µ–Ї—Б 0)...
2026-03-08 20:36:34,286 - INFO - –†–µ–Ј—Г–ї—М—В–∞—В –Ј–∞–њ–Њ–ї–љ–µ–љ–Є—П –њ–Њ–ї—П 'entry.14248722': ok
2026-03-08 20:36:34,287 - INFO - –Ч–∞–њ–Њ–ї–љ—П—О –њ–Њ–ї–µ 'entry.1479772708' (–Є–љ–і–µ–Ї—Б 1)...
2026-03-08 20:36:34,409 - INFO - –†–µ–Ј—Г–ї—М—В–∞—В –Ј–∞–њ–Њ–ї–љ–µ–љ–Є—П –њ–Њ–ї—П 'entry.1479772708': ok
2026-03-08 20:36:34,410 - INFO - –Ч–∞–њ–Њ–ї–љ—П—О –њ–Њ–ї–µ 'emailAddress'...
2026-03-08 20:36:34,417 - INFO - –І–µ–Ї–±–Њ–Ї—Б emailAddress: ok
2026-03-08 20:36:35,073 - INFO - –°–Ї—А–Є–љ—И–Њ—В –і–Њ –Њ—В–њ—А–∞–≤–Ї–Є —Б–Њ—Е—А–∞–љ—С–љ: playwright_before_submit.png
2026-03-08 20:36:35,073 - INFO - –Ш—Й—Г –Ї–љ–Њ–њ–Ї—Г –Њ—В–њ—А–∞–≤–Ї–Є —Д–Њ—А–Љ—Л...
2026-03-08 20:36:35,083 - INFO - –Ъ–љ–Њ–њ–Ї–∞ Submit –љ–∞–є–і–µ–љ–∞ –њ–Њ —Б–µ–ї–µ–Ї—В–Њ—А—Г: div[role='button'][jsname='M2UYVd']
2026-03-08 20:36:35,093 - INFO - –Ъ–љ–Њ–њ–Ї–∞ –Њ—В–њ—А–∞–≤–Ї–Є –љ–∞–ґ–∞—В–∞ (JS click), –ґ–і—Г –Њ—В–≤–µ—В...
2026-03-08 20:36:37,348 - INFO - URL –њ–Њ—Б–ї–µ –Њ—В–њ—А–∞–≤–Ї–Є: https://docs.google.com/forms/u/0/d/e/1FAIpQLSela65n88TdQ_zyS-YAC1SOkJrzNUglHeUjUhE-KGBE6B9Y3g/formResponse?pli=1
2026-03-08 20:36:37,348 - INFO - –§–Њ—А–Љ–∞ —Г—Б–њ–µ—И–љ–Њ –Њ—В–њ—А–∞–≤–ї–µ–љ–∞ (–њ–Њ —В–µ–Ї—Б—В—Г —Б—В—А–∞–љ–Є—Ж—Л).
2026-03-08 20:36:38,576 - INFO - –§–Њ—А–Љ–∞ –Њ—В–њ—А–∞–≤–ї–µ–љ–∞ —Г—Б–њ–µ—И–љ–Њ.
2026-03-08 20:37:39,886 - INFO - –Ч–∞–њ—Г—Б–Ї –±–Њ—В–∞ (Playwright –≤–µ—А—Б–Є—П)...
2026-03-08 20:37:41,600 - INFO - –Я–Њ–і–Ї–ї—О—З–Є–ї–Є—Б—М –Ї Telegram!
2026-03-08 20:37:41,601 - INFO - –Ь–Њ–љ–Є—В–Њ—А—О –Ї–∞–љ–∞–ї: my_gym_test
2026-03-08 20:38:05,216 - INFO - –Э–Њ–≤–Њ–µ —Б–Њ–Њ–±—Й–µ–љ–Є–µ [15]: https://docs.google.com/forms/d/e/1FAIpQLSela65n88TdQ_zyS-YAC1SOkJrzNUglHeUjUhE-KGBE6B9Y3g/viewform?usp=publish-editor
2026-03-08 20:38:05,216 - INFO - –§–Њ—А–Љ–∞ –љ–∞–є–і–µ–љ–∞: https://docs.google.com/forms/d/e/1FAIpQLSela65n88TdQ_zyS-YAC1SOkJrzNUglHeUjUhE-KGBE6B9Y3g/viewform?usp=publish-editor
2026-03-08 20:38:06,420 - INFO - –Ю—В–Ї—А—Л–≤–∞—О —Д–Њ—А–Љ—Г —З–µ—А–µ–Ј Playwright: https://docs.google.com/forms/d/e/1FAIpQLSela65n88TdQ_zyS-YAC1SOkJrzNUglHeUjUhE-KGBE6B9Y3g/viewform?usp=publish-editor
2026-03-08 20:38:12,140 - INFO - –Ч–∞–њ–Њ–ї–љ—П—О –њ–Њ–ї–µ 'entry.14248722' (–Є–љ–і–µ–Ї—Б 0)...
2026-03-08 20:38:13,067 - INFO - –†–µ–Ј—Г–ї—М—В–∞—В –Ј–∞–њ–Њ–ї–љ–µ–љ–Є—П –њ–Њ–ї—П 'entry.14248722': ok
2026-03-08 20:38:13,068 - INFO - –Ч–∞–њ–Њ–ї–љ—П—О –њ–Њ–ї–µ 'entry.1479772708' (–Є–љ–і–µ–Ї—Б 1)...
2026-03-08 20:38:13,163 - INFO - –†–µ–Ј—Г–ї—М—В–∞—В –Ј–∞–њ–Њ–ї–љ–µ–љ–Є—П –њ–Њ–ї—П 'entry.1479772708': ok
2026-03-08 20:38:13,163 - INFO - –Ч–∞–њ–Њ–ї–љ—П—О –њ–Њ–ї–µ 'emailAddress'...
2026-03-08 20:38:13,171 - INFO - –І–µ–Ї–±–Њ–Ї—Б emailAddress: ok
2026-03-08 20:38:13,813 - INFO - –°–Ї—А–Є–љ—И–Њ—В –і–Њ –Њ—В–њ—А–∞–≤–Ї–Є —Б–Њ—Е—А–∞–љ—С–љ: playwright_before_submit.png
2026-03-08 20:38:13,813 - INFO - –Ш—Й—Г –Ї–љ–Њ–њ–Ї—Г –Њ—В–њ—А–∞–≤–Ї–Є —Д–Њ—А–Љ—Л...
2026-03-08 20:38:13,821 - INFO - –Ъ–љ–Њ–њ–Ї–∞ Submit –љ–∞–є–і–µ–љ–∞ –њ–Њ —Б–µ–ї–µ–Ї—В–Њ—А—Г: div[role='button'][jsname='M2UYVd']
2026-03-08 20:38:13,828 - INFO - –Ъ–љ–Њ–њ–Ї–∞ –Њ—В–њ—А–∞–≤–Ї–Є –љ–∞–ґ–∞—В–∞ (JS click), –ґ–і—Г –Њ—В–≤–µ—В...
2026-03-08 20:38:16,188 - INFO - URL –њ–Њ—Б–ї–µ –Њ—В–њ—А–∞–≤–Ї–Є: https://docs.google.com/forms/u/0/d/e/1FAIpQLSela65n88TdQ_zyS-YAC1SOkJrzNUglHeUjUhE-KGBE6B9Y3g/formResponse?pli=1
2026-03-08 20:38:16,189 - INFO - –§–Њ—А–Љ–∞ —Г—Б–њ–µ—И–љ–Њ –Њ—В–њ—А–∞–≤–ї–µ–љ–∞ (–њ–Њ —В–µ–Ї—Б—В—Г —Б—В—А–∞–љ–Є—Ж—Л).
2026-03-08 20:38:16,894 - INFO - –§–Њ—А–Љ–∞ –Њ—В–њ—А–∞–≤–ї–µ–љ–∞ —Г—Б–њ–µ—И–љ–Њ.
2026-03-08 20:54:56,194 - INFO - –Ч–∞–њ—Г—Б–Ї –±–Њ—В–∞ (Playwright –≤–µ—А—Б–Є—П)...
2026-03-08 20:54:57,460 - INFO - –Я–Њ–і–Ї–ї—О—З–Є–ї–Є—Б—М –Ї Telegram!
2026-03-08 20:54:57,460 - INFO - –Ь–Њ–љ–Є—В–Њ—А—О –Ї–∞–љ–∞–ї: my_gym_test
2026-03-08 20:55:56,718 - INFO - –Э–Њ–≤–Њ–µ —Б–Њ–Њ–±—Й–µ–љ–Є–µ [16]: https://docs.google.com/forms/d/e/1FAIpQLSela65n88TdQ_zyS-YAC1SOkJrzNUglHeUjUhE-KGBE6B9Y3g/viewform?usp=publish-editor
2026-03-08 20:55:56,719 - INFO - –§–Њ—А–Љ–∞ –љ–∞–є–і–µ–љ–∞: https://docs.google.com/forms/d/e/1FAIpQLSela65n88TdQ_zyS-YAC1SOkJrzNUglHeUjUhE-KGBE6B9Y3g/viewform?usp=publish-editor
2026-03-08 20:55:58,082 - INFO - –Ю—В–Ї—А—Л–≤–∞—О —Д–Њ—А–Љ—Г —З–µ—А–µ–Ј Playwright: https://docs.google.com/forms/d/e/1FAIpQLSela65n88TdQ_zyS-YAC1SOkJrzNUglHeUjUhE-KGBE6B9Y3g/viewform?usp=publish-editor
2026-03-08 20:56:05,235 - INFO - –Ч–∞–њ–Њ–ї–љ—П—О –њ–Њ–ї–µ 'entry.14248722' (–Є–љ–і–µ–Ї—Б 0)...
2026-03-08 20:56:05,390 - INFO - –†–µ–Ј—Г–ї—М—В–∞—В –Ј–∞–њ–Њ–ї–љ–µ–љ–Є—П –њ–Њ–ї—П 'entry.14248722': ok
2026-03-08 20:56:05,390 - INFO - –Ч–∞–њ–Њ–ї–љ—П—О –њ–Њ–ї–µ 'entry.1479772708' (–Є–љ–і–µ–Ї—Б 1)...
2026-03-08 20:56:05,538 - INFO - –†–µ–Ј—Г–ї—М—В–∞—В –Ј–∞–њ–Њ–ї–љ–µ–љ–Є—П –њ–Њ–ї—П 'entry.1479772708': ok
2026-03-08 20:56:05,538 - INFO - –Ч–∞–њ–Њ–ї–љ—П—О –њ–Њ–ї–µ 'emailAddress'...
2026-03-08 20:56:05,546 - INFO - –І–µ–Ї–±–Њ–Ї—Б emailAddress: ok
2026-03-08 20:56:06,221 - INFO - –°–Ї—А–Є–љ—И–Њ—В –і–Њ –Њ—В–њ—А–∞–≤–Ї–Є —Б–Њ—Е—А–∞–љ—С–љ: playwright_before_submit.png
2026-03-08 20:56:06,233 - INFO - –Ш—Й—Г –Ї–љ–Њ–њ–Ї—Г –Њ—В–њ—А–∞–≤–Ї–Є —Д–Њ—А–Љ—Л...
2026-03-08 20:56:06,261 - INFO - –Ъ–љ–Њ–њ–Ї–∞ Submit –љ–∞–є–і–µ–љ–∞ –њ–Њ —Б–µ–ї–µ–Ї—В–Њ—А—Г: div[role='button'][jsname='M2UYVd']
2026-03-08 20:56:06,271 - INFO - –Ъ–љ–Њ–њ–Ї–∞ –Њ—В–њ—А–∞–≤–Ї–Є –љ–∞–ґ–∞—В–∞ (JS click), –ґ–і—Г –Њ—В–≤–µ—В...
2026-03-08 20:56:08,479 - INFO - URL –њ–Њ—Б–ї–µ –Њ—В–њ—А–∞–≤–Ї–Є: https://docs.google.com/forms/u/0/d/e/1FAIpQLSela65n88TdQ_zyS-YAC1SOkJrzNUglHeUjUhE-KGBE6B9Y3g/formResponse?pli=1
2026-03-08 20:56:08,479 - INFO - –§–Њ—А–Љ–∞ —Г—Б–њ–µ—И–љ–Њ –Њ—В–њ—А–∞–≤–ї–µ–љ–∞ (–њ–Њ —В–µ–Ї—Б—В—Г —Б—В—А–∞–љ–Є—Ж—Л).
2026-03-08 20:56:09,162 - INFO - –§–Њ—А–Љ–∞ –Њ—В–њ—А–∞–≤–ї–µ–љ–∞ —Г—Б–њ–µ—И–љ–Њ.
2026-03-08 20:58:03,186 - INFO - –Ч–∞–њ—Г—Б–Ї –±–Њ—В–∞ (Playwright –≤–µ—А—Б–Є—П)...
2026-03-08 20:58:04,781 - INFO - –Я–Њ–і–Ї–ї—О—З–Є–ї–Є—Б—М –Ї Telegram!
2026-03-08 20:58:04,781 - INFO - –Ь–Њ–љ–Є—В–Њ—А—О –Ї–∞–љ–∞–ї: my_gym_test
2026-03-08 21:00:35,998 - INFO - –Э–Њ–≤–Њ–µ —Б–Њ–Њ–±—Й–µ–љ–Є–µ [17]: https://docs.google.com/forms/d/e/1FAIpQLSela65n88TdQ_zyS-YAC1SOkJrzNUglHeUjUhE-KGBE6B9Y3g/viewform?usp=publish-editor
2026-03-08 21:00:35,999 - INFO - –§–Њ—А–Љ–∞ –љ–∞–є–і–µ–љ–∞: https://docs.google.com/forms/d/e/1FAIpQLSela65n88TdQ_zyS-YAC1SOkJrzNUglHeUjUhE-KGBE6B9Y3g/viewform?usp=publish-editor
2026-03-08 21:00:37,241 - INFO - –Ю—В–Ї—А—Л–≤–∞—О —Д–Њ—А–Љ—Г —З–µ—А–µ–Ј Playwright: https://docs.google.com/forms/d/e/1FAIpQLSela65n88TdQ_zyS-YAC1SOkJrzNUglHeUjUhE-KGBE6B9Y3g/viewform?usp=publish-editor
2026-03-08 21:00:43,269 - INFO - –Ч–∞–њ–Њ–ї–љ—П—О –њ–Њ–ї–µ 'entry.14248722' (–Є–љ–і–µ–Ї—Б 0)...
2026-03-08 21:00:43,396 - INFO - –†–µ–Ј—Г–ї—М—В–∞—В –Ј–∞–њ–Њ–ї–љ–µ–љ–Є—П –њ–Њ–ї—П 'entry.14248722': ok
2026-03-08 21:00:43,397 - INFO - –Ч–∞–њ–Њ–ї–љ—П—О –њ–Њ–ї–µ 'entry.1479772708' (–Є–љ–і–µ–Ї—Б 1)...
2026-03-08 21:00:43,493 - INFO - –†–µ–Ј—Г–ї—М—В–∞—В –Ј–∞–њ–Њ–ї–љ–µ–љ–Є—П –њ–Њ–ї—П 'entry.1479772708': ok
2026-03-08 21:00:43,493 - INFO - –Ч–∞–њ–Њ–ї–љ—П—О –њ–Њ–ї–µ 'emailAddress'...
2026-03-08 21:00:43,498 - INFO - –І–µ–Ї–±–Њ–Ї—Б emailAddress: ok
2026-03-08 21:00:44,130 - INFO - –°–Ї—А–Є–љ—И–Њ—В –і–Њ –Њ—В–њ—А–∞–≤–Ї–Є —Б–Њ—Е—А–∞–љ—С–љ: playwright_before_submit.png
2026-03-08 21:00:44,131 - INFO - –Ш—Й—Г –Ї–љ–Њ–њ–Ї—Г –Њ—В–њ—А–∞–≤–Ї–Є —Д–Њ—А–Љ—Л...
2026-03-08 21:00:44,138 - INFO - –Ъ–љ–Њ–њ–Ї–∞ Submit –љ–∞–є–і–µ–љ–∞ –њ–Њ —Б–µ–ї–µ–Ї—В–Њ—А—Г: div[role='button'][jsname='M2UYVd']
2026-03-08 21:00:44,146 - INFO - –Ъ–љ–Њ–њ–Ї–∞ –Њ—В–њ—А–∞–≤–Ї–Є –љ–∞–ґ–∞—В–∞ (JS click), –ґ–і—Г –Њ—В–≤–µ—В...
2026-03-08 21:00:46,332 - INFO - URL –њ–Њ—Б–ї–µ –Њ—В–њ—А–∞–≤–Ї–Є: https://docs.google.com/forms/u/0/d/e/1FAIpQLSela65n88TdQ_zyS-YAC1SOkJrzNUglHeUjUhE-KGBE6B9Y3g/formResponse?pli=1
2026-03-08 21:00:46,333 - INFO - –§–Њ—А–Љ–∞ —Г—Б–њ–µ—И–љ–Њ –Њ—В–њ—А–∞–≤–ї–µ–љ–∞ (–њ–Њ —В–µ–Ї—Б—В—Г —Б—В—А–∞–љ–Є—Ж—Л).
2026-03-08 21:00:47,063 - INFO - –§–Њ—А–Љ–∞ –Њ—В–њ—А–∞–≤–ї–µ–љ–∞ —Г—Б–њ–µ—И–љ–Њ.
2026-03-08 21:01:30,246 - INFO - –Э–Њ–≤–Њ–µ —Б–Њ–Њ–±—Й–µ–љ–Є–µ [18]: https://docs.google.com/forms/d/e/1FAIpQLSela65n88TdQ_zyS-YAC1SOkJrzNUglHeUjUhE-KGBE6B9Y3g/viewform?usp=publish-editor
2026-03-08 21:01:30,247 - INFO - –§–Њ—А–Љ–∞ –љ–∞–є–і–µ–љ–∞: https://docs.google.com/forms/d/e/1FAIpQLSela65n88TdQ_zyS-YAC1SOkJrzNUglHeUjUhE-KGBE6B9Y3g/viewform?usp=publish-editor
2026-03-08 21:01:31,573 - INFO - –Ю—В–Ї—А—Л–≤–∞—О —Д–Њ—А–Љ—Г —З–µ—А–µ–Ј Playwright: https://docs.google.com/forms/d/e/1FAIpQLSela65n88TdQ_zyS-YAC1SOkJrzNUglHeUjUhE-KGBE6B9Y3g/viewform?usp=publish-editor
2026-03-08 21:01:37,299 - INFO - –Ч–∞–њ–Њ–ї–љ—П—О –њ–Њ–ї–µ 'entry.14248722' (–Є–љ–і–µ–Ї—Б 0)...
2026-03-08 21:01:37,442 - INFO - –†–µ–Ј—Г–ї—М—В–∞—В –Ј–∞–њ–Њ–ї–љ–µ–љ–Є—П –њ–Њ–ї—П 'entry.14248722': ok
2026-03-08 21:01:37,442 - INFO - –Ч–∞–њ–Њ–ї–љ—П—О –њ–Њ–ї–µ 'entry.1479772708' (–Є–љ–і–µ–Ї—Б 1)...
2026-03-08 21:01:37,543 - INFO - –†–µ–Ј—Г–ї—М—В–∞—В –Ј–∞–њ–Њ–ї–љ–µ–љ–Є—П –њ–Њ–ї—П 'entry.1479772708': ok
2026-03-08 21:01:37,543 - INFO - –Ч–∞–њ–Њ–ї–љ—П—О –њ–Њ–ї–µ 'emailAddress'...
2026-03-08 21:01:37,551 - INFO - –І–µ–Ї–±–Њ–Ї—Б emailAddress: ok
2026-03-08 21:01:38,216 - INFO - –°–Ї—А–Є–љ—И–Њ—В –і–Њ –Њ—В–њ—А–∞–≤–Ї–Є —Б–Њ—Е—А–∞–љ—С–љ: playwright_before_submit.png
2026-03-08 21:01:38,216 - INFO - –Ш—Й—Г –Ї–љ–Њ–њ–Ї—Г –Њ—В–њ—А–∞–≤–Ї–Є —Д–Њ—А–Љ—Л...
2026-03-08 21:01:38,225 - INFO - –Ъ–љ–Њ–њ–Ї–∞ Submit –љ–∞–є–і–µ–љ–∞ –њ–Њ —Б–µ–ї–µ–Ї—В–Њ—А—Г: div[role='button'][jsname='M2UYVd']
2026-03-08 21:01:38,231 - INFO - –Ъ–љ–Њ–њ–Ї–∞ –Њ—В–њ—А–∞–≤–Ї–Є –љ–∞–ґ–∞—В–∞ (JS click), –ґ–і—Г –Њ—В–≤–µ—В...
2026-03-08 21:01:40,424 - INFO - URL –њ–Њ—Б–ї–µ –Њ—В–њ—А–∞–≤–Ї–Є: https://docs.google.com/forms/u/0/d/e/1FAIpQLSela65n88TdQ_zyS-YAC1SOkJrzNUglHeUjUhE-KGBE6B9Y3g/formResponse?pli=1
2026-03-08 21:01:40,425 - INFO - –§–Њ—А–Љ–∞ —Г—Б–њ–µ—И–љ–Њ –Њ—В–њ—А–∞–≤–ї–µ–љ–∞ (–њ–Њ —В–µ–Ї—Б—В—Г —Б—В—А–∞–љ–Є—Ж—Л).
2026-03-08 21:01:40,974 - INFO - –§–Њ—А–Љ–∞ –Њ—В–њ—А–∞–≤–ї–µ–љ–∞ —Г—Б–њ–µ—И–љ–Њ.
2026-03-09 09:49:00,591 - INFO - –Ч–∞–њ—Г—Б–Ї –±–Њ—В–∞ (Playwright –≤–µ—А—Б–Є—П)...
2026-03-09 09:49:01,830 - INFO - –Я–Њ–і–Ї–ї—О—З–Є–ї–Є—Б—М –Ї Telegram!
2026-03-09 09:49:01,831 - INFO - –Ь–Њ–љ–Є—В–Њ—А—О –Ї–∞–љ–∞–ї: my_gym_test
2026-03-09 09:49:52,456 - INFO - –Э–Њ–≤–Њ–µ —Б–Њ–Њ–±—Й–µ–љ–Є–µ [18]: https://docs.google.com/forms/d/e/1FAIpQLSela65n88TdQ_zyS-YAC1SOkJrzNUglHeUjUhE-KGBE6B9Y3g/viewform?usp=publish-editor
2026-03-09 09:49:52,457 - INFO - –§–Њ—А–Љ–∞ –љ–∞–є–і–µ–љ–∞: https://docs.google.com/forms/d/e/1FAIpQLSela65n88TdQ_zyS-YAC1SOkJrzNUglHeUjUhE-KGBE6B9Y3g/viewform?usp=publish-editor
2026-03-09 09:49:52,457 - INFO - –Э–Њ–≤–Њ–µ —Б–Њ–Њ–±—Й–µ–љ–Є–µ [19]: https://docs.google.com/forms/d/e/1FAIpQLSela65n88TdQ_zyS-YAC1SOkJrzNUglHeUjUhE-KGBE6B9Y3g/viewform?usp=publish-editor
2026-03-09 09:49:52,457 - INFO - –§–Њ—А–Љ–∞ –љ–∞–є–і–µ–љ–∞: https://docs.google.com/forms/d/e/1FAIpQLSela65n88TdQ_zyS-YAC1SOkJrzNUglHeUjUhE-KGBE6B9Y3g/viewform?usp=publish-editor
2026-03-09 09:49:54,117 - INFO - –Ю—В–Ї—А—Л–≤–∞—О —Д–Њ—А–Љ—Г —З–µ—А–µ–Ј Playwright: https://docs.google.com/forms/d/e/1FAIpQLSela65n88TdQ_zyS-YAC1SOkJrzNUglHeUjUhE-KGBE6B9Y3g/viewform?usp=publish-editor
2026-03-09 09:49:54,128 - INFO - –Ю—В–Ї—А—Л–≤–∞—О —Д–Њ—А–Љ—Г —З–µ—А–µ–Ј Playwright: https://docs.google.com/forms/d/e/1FAIpQLSela65n88TdQ_zyS-YAC1SOkJrzNUglHeUjUhE-KGBE6B9Y3g/viewform?usp=publish-editor
2026-03-09 09:50:00,577 - WARNING - –Я–µ—А–µ–љ–∞–њ—А–∞–≤–ї–µ–љ–Є–µ –љ–∞ —Б—В—А–∞–љ–Є—Ж—Г –ї–Њ–≥–Є–љ–∞ Google. –Э—Г–ґ–љ–∞ –њ–Њ–≤—В–Њ—А–љ–∞—П –∞–≤—В–Њ—А–Є–Ј–∞—Ж–Є—П.
2026-03-09 09:50:01,180 - WARNING - –Я–µ—А–µ–љ–∞–њ—А–∞–≤–ї–µ–љ–Є–µ –љ–∞ —Б—В—А–∞–љ–Є—Ж—Г –ї–Њ–≥–Є–љ–∞ Google. –Э—Г–ґ–љ–∞ –њ–Њ–≤—В–Њ—А–љ–∞—П –∞–≤—В–Њ—А–Є–Ј–∞—Ж–Є—П.
2026-03-09 09:50:01,777 - WARNING - –Ю—В–њ—А–∞–≤–Ї–∞ –љ–µ —Г–і–∞–ї–∞—Б—М –Є–Ј-–Ј–∞ –њ—А–Њ—Б—А–Њ—З–µ–љ–љ–Њ–є —Б–µ—Б—Б–Є–Є Google.
2026-03-09 09:50:02,019 - WARNING - –Ю—В–њ—А–∞–≤–Ї–∞ –љ–µ —Г–і–∞–ї–∞—Б—М –Є–Ј-–Ј–∞ –њ—А–Њ—Б—А–Њ—З–µ–љ–љ–Њ–є —Б–µ—Б—Б–Є–Є Google.
2026-03-09 14:35:06,366 - INFO - –Ч–∞–њ—Г—Б–Ї –±–Њ—В–∞ (Playwright –≤–µ—А—Б–Є—П)...
2026-03-09 14:35:07,514 - INFO - –Я–Њ–і–Ї–ї—О—З–Є–ї–Є—Б—М –Ї Telegram!
2026-03-09 14:35:07,515 - INFO - –Ь–Њ–љ–Є—В–Њ—А—О –Ї–∞–љ–∞–ї: my_gym_test
2026-03-09 14:37:09,353 - INFO - –Э–Њ–≤–Њ–µ —Б–Њ–Њ–±—Й–µ–љ–Є–µ [19]: https://docs.google.com/forms/d/e/1FAIpQLSela65n88TdQ_zyS-YAC1SOkJrzNUglHeUjUhE-KGBE6B9Y3g/viewform?usp=publish-editor
2026-03-09 14:37:09,353 - INFO - –§–Њ—А–Љ–∞ –љ–∞–є–і–µ–љ–∞: https://docs.google.com/forms/d/e/1FAIpQLSela65n88TdQ_zyS-YAC1SOkJrzNUglHeUjUhE-KGBE6B9Y3g/viewform?usp=publish-editor
2026-03-09 14:37:09,354 - INFO - –Э–Њ–≤–Њ–µ —Б–Њ–Њ–±—Й–µ–љ–Є–µ [20]: https://docs.google.com/forms/d/e/1FAIpQLSela65n88TdQ_zyS-YAC1SOkJrzNUglHeUjUhE-KGBE6B9Y3g/viewform?usp=publish-editor
2026-03-09 14:37:09,354 - INFO - –§–Њ—А–Љ–∞ –љ–∞–є–і–µ–љ–∞: https://docs.google.com/forms/d/e/1FAIpQLSela65n88TdQ_zyS-YAC1SOkJrzNUglHeUjUhE-KGBE6B9Y3g/viewform?usp=publish-editor
2026-03-09 14:37:11,468 - INFO - –Ю—В–Ї—А—Л–≤–∞—О —Д–Њ—А–Љ—Г —З–µ—А–µ–Ј Playwright: https://docs.google.com/forms/d/e/1FAIpQLSela65n88TdQ_zyS-YAC1SOkJrzNUglHeUjUhE-KGBE6B9Y3g/viewform?usp=publish-editor
2026-03-09 14:37:11,471 - INFO - –Ю—В–Ї—А—Л–≤–∞—О —Д–Њ—А–Љ—Г —З–µ—А–µ–Ј Playwright: https://docs.google.com/forms/d/e/1FAIpQLSela65n88TdQ_zyS-YAC1SOkJrzNUglHeUjUhE-KGBE6B9Y3g/viewform?usp=publish-editor
2026-03-09 14:37:18,324 - INFO - –Ч–∞–њ–Њ–ї–љ—П—О –њ–Њ–ї–µ 'entry.14248722' (–Є–љ–і–µ–Ї—Б 0)...
2026-03-09 14:37:18,533 - INFO - –†–µ–Ј—Г–ї—М—В–∞—В –Ј–∞–њ–Њ–ї–љ–µ–љ–Є—П –њ–Њ–ї—П 'entry.14248722': ok
2026-03-09 14:37:18,533 - INFO - –Ч–∞–њ–Њ–ї–љ—П—О –њ–Њ–ї–µ 'entry.1479772708' (–Є–љ–і–µ–Ї—Б 1)...
2026-03-09 14:37:18,615 - INFO - –†–µ–Ј—Г–ї—М—В–∞—В –Ј–∞–њ–Њ–ї–љ–µ–љ–Є—П –њ–Њ–ї—П 'entry.1479772708': ok
2026-03-09 14:37:18,615 - INFO - –Ч–∞–њ–Њ–ї–љ—П—О –њ–Њ–ї–µ 'emailAddress'...
2026-03-09 14:37:18,623 - INFO - –І–µ–Ї–±–Њ–Ї—Б emailAddress: ok
2026-03-09 14:37:19,292 - INFO - –°–Ї—А–Є–љ—И–Њ—В –і–Њ –Њ—В–њ—А–∞–≤–Ї–Є —Б–Њ—Е—А–∞–љ—С–љ: playwright_before_submit.png
2026-03-09 14:37:19,296 - INFO - –Ш—Й—Г –Ї–љ–Њ–њ–Ї—Г –Њ—В–њ—А–∞–≤–Ї–Є —Д–Њ—А–Љ—Л...
2026-03-09 14:37:19,309 - INFO - –Ъ–љ–Њ–њ–Ї–∞ Submit –љ–∞–є–і–µ–љ–∞ –њ–Њ —Б–µ–ї–µ–Ї—В–Њ—А—Г: div[role='button'][jsname='M2UYVd']
2026-03-09 14:37:19,326 - INFO - –Ъ–љ–Њ–њ–Ї–∞ –Њ—В–њ—А–∞–≤–Ї–Є –љ–∞–ґ–∞—В–∞ (JS click), –ґ–і—Г –Њ—В–≤–µ—В...
2026-03-09 14:37:19,454 - INFO - –Ч–∞–њ–Њ–ї–љ—П—О –њ–Њ–ї–µ 'entry.14248722' (–Є–љ–і–µ–Ї—Б 0)...
2026-03-09 14:37:19,617 - INFO - –†–µ–Ј—Г–ї—М—В–∞—В –Ј–∞–њ–Њ–ї–љ–µ–љ–Є—П –њ–Њ–ї—П 'entry.14248722': ok
2026-03-09 14:37:19,617 - INFO - –Ч–∞–њ–Њ–ї–љ—П—О –њ–Њ–ї–µ 'entry.1479772708' (–Є–љ–і–µ–Ї—Б 1)...
2026-03-09 14:37:19,697 - INFO - –†–µ–Ј—Г–ї—М—В–∞—В –Ј–∞–њ–Њ–ї–љ–µ–љ–Є—П –њ–Њ–ї—П 'entry.1479772708': ok
2026-03-09 14:37:19,697 - INFO - –Ч–∞–њ–Њ–ї–љ—П—О –њ–Њ–ї–µ 'emailAddress'...
2026-03-09 14:37:19,705 - INFO - –І–µ–Ї–±–Њ–Ї—Б emailAddress: ok
2026-03-09 14:37:21,525 - INFO - URL –њ–Њ—Б–ї–µ –Њ—В–њ—А–∞–≤–Ї–Є: https://docs.google.com/forms/u/0/d/e/1FAIpQLSela65n88TdQ_zyS-YAC1SOkJrzNUglHeUjUhE-KGBE6B9Y3g/formResponse?pli=1
2026-03-09 14:37:21,526 - INFO - –§–Њ—А–Љ–∞ —Г—Б–њ–µ—И–љ–Њ –Њ—В–њ—А–∞–≤–ї–µ–љ–∞ (–њ–Њ —В–µ–Ї—Б—В—Г —Б—В—А–∞–љ–Є—Ж—Л).
2026-03-09 14:37:22,627 - INFO - –§–Њ—А–Љ–∞ –Њ—В–њ—А–∞–≤–ї–µ–љ–∞ —Г—Б–њ–µ—И–љ–Њ.
2026-03-09 14:37:28,781 - INFO - –°–Ї—А–Є–љ—И–Њ—В –і–Њ –Њ—В–њ—А–∞–≤–Ї–Є —Б–Њ—Е—А–∞–љ—С–љ: playwright_before_submit.png
2026-03-09 14:37:28,781 - INFO - –Ш—Й—Г –Ї–љ–Њ–њ–Ї—Г –Њ—В–њ—А–∞–≤–Ї–Є —Д–Њ—А–Љ—Л...
2026-03-09 14:37:28,794 - INFO - –Ъ–љ–Њ–њ–Ї–∞ Submit –љ–∞–є–і–µ–љ–∞ –њ–Њ —Б–µ–ї–µ–Ї—В–Њ—А—Г: div[role='button'][jsname='M2UYVd']
2026-03-09 14:37:28,804 - INFO - –Ъ–љ–Њ–њ–Ї–∞ –Њ—В–њ—А–∞–≤–Ї–Є –љ–∞–ґ–∞—В–∞ (JS click), –ґ–і—Г –Њ—В–≤–µ—В...
2026-03-09 14:37:31,003 - INFO - URL –њ–Њ—Б–ї–µ –Њ—В–њ—А–∞–≤–Ї–Є: https://docs.google.com/forms/u/0/d/e/1FAIpQLSela65n88TdQ_zyS-YAC1SOkJrzNUglHeUjUhE-KGBE6B9Y3g/formResponse?pli=1
2026-03-09 14:37:31,004 - INFO - –§–Њ—А–Љ–∞ —Г—Б–њ–µ—И–љ–Њ –Њ—В–њ—А–∞–≤–ї–µ–љ–∞ (–њ–Њ —В–µ–Ї—Б—В—Г —Б—В—А–∞–љ–Є—Ж—Л).
2026-03-09 14:37:31,517 - INFO - –§–Њ—А–Љ–∞ –Њ—В–њ—А–∞–≤–ї–µ–љ–∞ —Г—Б–њ–µ—И–љ–Њ.
2026-03-09 14:44:37,890 - INFO - –Ч–∞–њ—Г—Б–Ї –±–Њ—В–∞ (Playwright –≤–µ—А—Б–Є—П)...
2026-03-09 14:44:39,171 - INFO - –Я–Њ–і–Ї–ї—О—З–Є–ї–Є—Б—М –Ї Telegram!
2026-03-09 14:44:39,171 - INFO - –Ь–Њ–љ–Є—В–Њ—А—О –Ї–∞–љ–∞–ї: NVKGYM
2026-03-09 14:45:09,655 - INFO - –Ч–∞–њ—Г—Б–Ї –±–Њ—В–∞ (Playwright –≤–µ—А—Б–Є—П)...
2026-03-09 14:45:12,149 - INFO - –Я–Њ–і–Ї–ї—О—З–Є–ї–Є—Б—М –Ї Telegram!
2026-03-09 14:45:12,149 - INFO - –Ь–Њ–љ–Є—В–Њ—А—О –Ї–∞–љ–∞–ї: my_gym_test
2026-03-09 14:45:33,941 - INFO - –Э–Њ–≤–Њ–µ —Б–Њ–Њ–±—Й–µ–љ–Є–µ [21]: 18:00 

https://docs.google.com/forms/d/e/1FAIpQLSela65n88TdQ_zyS-YAC1SOkJrzNUglHeUjUhE-KGBE6B9Y3g/viewform?usp=publish-
2026-03-09 14:45:33,942 - INFO - –§–Њ—А–Љ–∞ –љ–∞–є–і–µ–љ–∞: https://docs.google.com/forms/d/e/1FAIpQLSela65n88TdQ_zyS-YAC1SOkJrzNUglHeUjUhE-KGBE6B9Y3g/viewform?usp=publish-editor
2026-03-09 14:45:35,307 - INFO - –Ю—В–Ї—А—Л–≤–∞—О —Д–Њ—А–Љ—Г —З–µ—А–µ–Ј Playwright: https://docs.google.com/forms/d/e/1FAIpQLSela65n88TdQ_zyS-YAC1SOkJrzNUglHeUjUhE-KGBE6B9Y3g/viewform?usp=publish-editor
2026-03-09 14:45:41,996 - INFO - –Ч–∞–њ–Њ–ї–љ—П—О –њ–Њ–ї–µ 'entry.14248722' (–Є–љ–і–µ–Ї—Б 0)...
2026-03-09 14:45:42,108 - INFO - –†–µ–Ј—Г–ї—М—В–∞—В –Ј–∞–њ–Њ–ї–љ–µ–љ–Є—П –њ–Њ–ї—П 'entry.14248722': ok
2026-03-09 14:45:42,109 - INFO - –Ч–∞–њ–Њ–ї–љ—П—О –њ–Њ–ї–µ 'entry.1479772708' (–Є–љ–і–µ–Ї—Б 1)...
2026-03-09 14:45:42,228 - INFO - –†–µ–Ј—Г–ї—М—В–∞—В –Ј–∞–њ–Њ–ї–љ–µ–љ–Є—П –њ–Њ–ї—П 'entry.1479772708': ok
2026-03-09 14:45:42,230 - INFO - –Ч–∞–њ–Њ–ї–љ—П—О –њ–Њ–ї–µ 'emailAddress'...
2026-03-09 14:45:42,245 - INFO - –І–µ–Ї–±–Њ–Ї—Б emailAddress: ok
2026-03-09 14:45:42,909 - INFO - –°–Ї—А–Є–љ—И–Њ—В –і–Њ –Њ—В–њ—А–∞–≤–Ї–Є —Б–Њ—Е—А–∞–љ—С–љ: playwright_before_submit.png
2026-03-09 14:45:42,910 - INFO - –Ш—Й—Г –Ї–љ–Њ–њ–Ї—Г –Њ—В–њ—А–∞–≤–Ї–Є —Д–Њ—А–Љ—Л...
2026-03-09 14:45:42,921 - INFO - –Ъ–љ–Њ–њ–Ї–∞ Submit –љ–∞–є–і–µ–љ–∞ –њ–Њ —Б–µ–ї–µ–Ї—В–Њ—А—Г: div[role='button'][jsname='M2UYVd']
2026-03-09 14:45:42,931 - INFO - –Ъ–љ–Њ–њ–Ї–∞ –Њ—В–њ—А–∞–≤–Ї–Є –љ–∞–ґ–∞—В–∞ (JS click), –ґ–і—Г –Њ—В–≤–µ—В...
2026-03-09 14:45:45,086 - INFO - URL –њ–Њ—Б–ї–µ –Њ—В–њ—А–∞–≤–Ї–Є: https://docs.google.com/forms/u/0/d/e/1FAIpQLSela65n88TdQ_zyS-YAC1SOkJrzNUglHeUjUhE-KGBE6B9Y3g/formResponse?pli=1
2026-03-09 14:45:45,087 - INFO - –§–Њ—А–Љ–∞ —Г—Б–њ–µ—И–љ–Њ –Њ—В–њ—А–∞–≤–ї–µ–љ–∞ (–њ–Њ —В–µ–Ї—Б—В—Г —Б—В—А–∞–љ–Є—Ж—Л).
2026-03-09 14:45:45,748 - INFO - –§–Њ—А–Љ–∞ –Њ—В–њ—А–∞–≤–ї–µ–љ–∞ —Г—Б–њ–µ—И–љ–Њ.
2026-03-09 14:50:35,095 - INFO - –Ч–∞–њ—Г—Б–Ї –±–Њ—В–∞ (Playwright –≤–µ—А—Б–Є—П)...
2026-03-09 14:50:36,270 - INFO - –Я–Њ–і–Ї–ї—О—З–Є–ї–Є—Б—М –Ї Telegram!
2026-03-09 14:50:36,271 - INFO - –Ь–Њ–љ–Є—В–Њ—А—О –Ї–∞–љ–∞–ї: my_gym_test
2026-03-09 14:50:53,143 - INFO - –Э–Њ–≤–Њ–µ —Б–Њ–Њ–±—Й–µ–љ–Є–µ [21]: 18:00 

https://docs.google.com/forms/d/e/1FAIpQLSela65n88TdQ_zyS-YAC1SOkJrzNUglHeUjUhE-KGBE6B9Y3g/viewform?usp=publish-
2026-03-09 14:50:53,144 - INFO - –Э–∞–є–і–µ–љ–Њ 3 —Б—Б—Л–ї–Њ–Ї –љ–∞ —Д–Њ—А–Љ—Г. –°–ї–Њ—В—Л: {'18:00': 'https://docs.google.com/forms/d/e/1FAIpQLSela65n88TdQ_z...', '19:15': 'https://docs.google.com/forms/d/e/1FAIpQLSela65n88TdQ_z...', '20:30': 'https://docs.google.com/forms/d/e/1FAIpQLSela65n88TdQ_z...'}
2026-03-09 14:50:53,144 - INFO - –Т—Л–±—А–∞–љ —Б–ї–Њ—В 19:15 (PREFERRED_TIME –Є–Ј config.py)
2026-03-09 14:50:53,145 - INFO - –§–Њ—А–Љ–∞ –љ–∞–є–і–µ–љ–∞: https://docs.google.com/forms/d/e/1FAIpQLSela65n88TdQ_zyS-YAC1SOkJrzNUglHeUjUhE-KGBE6B9Y3g/viewform?usp=publish-editor
2026-03-09 14:50:53,145 - INFO - –Э–Њ–≤–Њ–µ —Б–Њ–Њ–±—Й–µ–љ–Є–µ [22]: 18:00 

https://docs.google.com/forms/d/e/1FAIpQLSela65n88TdQ_zyS-YAC1SOkJrzNUglHeUjUhE-KGBE6B9Y3g/viewform?usp=publish-
2026-03-09 14:50:53,146 - INFO - –Э–∞–є–і–µ–љ–Њ 3 —Б—Б—Л–ї–Њ–Ї –љ–∞ —Д–Њ—А–Љ—Г. –°–ї–Њ—В—Л: {'18:00': 'https://docs.google.com/forms/d/e/1FAIpQLSela65n88TdQ_z...', '19:15': 'https://docs.google.com/forms/d/e/1FAIpQLSela65n88TdQ_z...', '20:30': 'https://docs.google.com/forms/d/e/1FAIpQLSela65n88TdQ_z...'}
2026-03-09 14:50:53,146 - INFO - –Т—Л–±—А–∞–љ —Б–ї–Њ—В 19:15 (PREFERRED_TIME –Є–Ј config.py)
2026-03-09 14:50:53,146 - INFO - –§–Њ—А–Љ–∞ –љ–∞–є–і–µ–љ–∞: https://docs.google.com/forms/d/e/1FAIpQLSela65n88TdQ_zyS-YAC1SOkJrzNUglHeUjUhE-KGBE6B9Y3g/viewform?usp=publish-editor
2026-03-09 14:50:54,556 - INFO - –Ю—В–Ї—А—Л–≤–∞—О —Д–Њ—А–Љ—Г —З–µ—А–µ–Ј Playwright: https://docs.google.com/forms/d/e/1FAIpQLSela65n88TdQ_zyS-YAC1SOkJrzNUglHeUjUhE-KGBE6B9Y3g/viewform?usp=publish-editor
2026-03-09 14:50:54,575 - INFO - –Ю—В–Ї—А—Л–≤–∞—О —Д–Њ—А–Љ—Г —З–µ—А–µ–Ј Playwright: https://docs.google.com/forms/d/e/1FAIpQLSela65n88TdQ_zyS-YAC1SOkJrzNUglHeUjUhE-KGBE6B9Y3g/viewform?usp=publish-editor
2026-03-09 14:51:00,941 - INFO - –Ч–∞–њ–Њ–ї–љ—П—О –њ–Њ–ї–µ 'entry.14248722' (–Є–љ–і–µ–Ї—Б 0)...
2026-03-09 14:51:01,100 - INFO - –†–µ–Ј—Г–ї—М—В–∞—В –Ј–∞–њ–Њ–ї–љ–µ–љ–Є—П –њ–Њ–ї—П 'entry.14248722': ok
2026-03-09 14:51:01,100 - INFO - –Ч–∞–њ–Њ–ї–љ—П—О –њ–Њ–ї–µ 'entry.1479772708' (–Є–љ–і–µ–Ї—Б 1)...
2026-03-09 14:51:01,203 - INFO - –†–µ–Ј—Г–ї—М—В–∞—В –Ј–∞–њ–Њ–ї–љ–µ–љ–Є—П –њ–Њ–ї—П 'entry.1479772708': ok
2026-03-09 14:51:01,203 - INFO - –Ч–∞–њ–Њ–ї–љ—П—О –њ–Њ–ї–µ 'emailAddress'...
2026-03-09 14:51:01,211 - INFO - –І–µ–Ї–±–Њ–Ї—Б emailAddress: ok
2026-03-09 14:51:01,419 - INFO - –Ч–∞–њ–Њ–ї–љ—П—О –њ–Њ–ї–µ 'entry.14248722' (–Є–љ–і–µ–Ї—Б 0)...
2026-03-09 14:51:01,512 - INFO - –†–µ–Ј—Г–ї—М—В–∞—В –Ј–∞–њ–Њ–ї–љ–µ–љ–Є—П –њ–Њ–ї—П 'entry.14248722': ok
2026-03-09 14:51:01,513 - INFO - –Ч–∞–њ–Њ–ї–љ—П—О –њ–Њ–ї–µ 'entry.1479772708' (–Є–љ–і–µ–Ї—Б 1)...
2026-03-09 14:51:01,599 - INFO - –†–µ–Ј—Г–ї—М—В–∞—В –Ј–∞–њ–Њ–ї–љ–µ–љ–Є—П –њ–Њ–ї—П 'entry.1479772708': ok
2026-03-09 14:51:01,600 - INFO - –Ч–∞–њ–Њ–ї–љ—П—О –њ–Њ–ї–µ 'emailAddress'...
2026-03-09 14:51:01,606 - INFO - –І–µ–Ї–±–Њ–Ї—Б emailAddress: ok
2026-03-09 14:51:01,868 - INFO - –°–Ї—А–Є–љ—И–Њ—В –і–Њ –Њ—В–њ—А–∞–≤–Ї–Є —Б–Њ—Е—А–∞–љ—С–љ: playwright_before_submit.png
2026-03-09 14:51:01,868 - INFO - –Ш—Й—Г –Ї–љ–Њ–њ–Ї—Г –Њ—В–њ—А–∞–≤–Ї–Є —Д–Њ—А–Љ—Л...
2026-03-09 14:51:01,877 - INFO - –Ъ–љ–Њ–њ–Ї–∞ Submit –љ–∞–є–і–µ–љ–∞ –њ–Њ —Б–µ–ї–µ–Ї—В–Њ—А—Г: div[role='button'][jsname='M2UYVd']
2026-03-09 14:51:01,887 - INFO - –Ъ–љ–Њ–њ–Ї–∞ –Њ—В–њ—А–∞–≤–Ї–Є –љ–∞–ґ–∞—В–∞ (JS click), –ґ–і—Г –Њ—В–≤–µ—В...
2026-03-09 14:51:04,341 - INFO - URL –њ–Њ—Б–ї–µ –Њ—В–њ—А–∞–≤–Ї–Є: https://docs.google.com/forms/u/0/d/e/1FAIpQLSela65n88TdQ_zyS-YAC1SOkJrzNUglHeUjUhE-KGBE6B9Y3g/formResponse?pli=1
2026-03-09 14:51:04,341 - INFO - –§–Њ—А–Љ–∞ —Г—Б–њ–µ—И–љ–Њ –Њ—В–њ—А–∞–≤–ї–µ–љ–∞ (–њ–Њ —В–µ–Ї—Б—В—Г —Б—В—А–∞–љ–Є—Ж—Л).
2026-03-09 14:51:05,257 - INFO - –§–Њ—А–Љ–∞ –Њ—В–њ—А–∞–≤–ї–µ–љ–∞ —Г—Б–њ–µ—И–љ–Њ.
2026-03-09 14:51:12,210 - INFO - –°–Ї—А–Є–љ—И–Њ—В –і–Њ –Њ—В–њ—А–∞–≤–Ї–Є —Б–Њ—Е—А–∞–љ—С–љ: playwright_before_submit.png
2026-03-09 14:51:12,210 - INFO - –Ш—Й—Г –Ї–љ–Њ–њ–Ї—Г –Њ—В–њ—А–∞–≤–Ї–Є —Д–Њ—А–Љ—Л...
2026-03-09 14:51:12,221 - INFO - –Ъ–љ–Њ–њ–Ї–∞ Submit –љ–∞–є–і–µ–љ–∞ –њ–Њ —Б–µ–ї–µ–Ї—В–Њ—А—Г: div[role='button'][jsname='M2UYVd']
2026-03-09 14:51:12,230 - INFO - –Ъ–љ–Њ–њ–Ї–∞ –Њ—В–њ—А–∞–≤–Ї–Є –љ–∞–ґ–∞—В–∞ (JS click), –ґ–і—Г –Њ—В–≤–µ—В...
2026-03-09 14:51:14,396 - INFO - URL –њ–Њ—Б–ї–µ –Њ—В–њ—А–∞–≤–Ї–Є: https://docs.google.com/forms/u/0/d/e/1FAIpQLSela65n88TdQ_zyS-YAC1SOkJrzNUglHeUjUhE-KGBE6B9Y3g/formResponse?pli=1
2026-03-09 14:51:14,397 - INFO - –§–Њ—А–Љ–∞ —Г—Б–њ–µ—И–љ–Њ –Њ—В–њ—А–∞–≤–ї–µ–љ–∞ (–њ–Њ —В–µ–Ї—Б—В—Г —Б—В—А–∞–љ–Є—Ж—Л).
2026-03-09 14:51:15,119 - INFO - –§–Њ—А–Љ–∞ –Њ—В–њ—А–∞–≤–ї–µ–љ–∞ —Г—Б–њ–µ—И–љ–Њ.
2026-03-09 14:52:29,923 - INFO - –Ч–∞–њ—Г—Б–Ї –±–Њ—В–∞ (Playwright –≤–µ—А—Б–Є—П)...
2026-03-09 14:52:31,143 - INFO - –Я–Њ–і–Ї–ї—О—З–Є–ї–Є—Б—М –Ї Telegram!
2026-03-09 14:52:31,144 - INFO - –Ь–Њ–љ–Є—В–Њ—А—О –Ї–∞–љ–∞–ї: NVKGYM
2026-03-10 13:13:07,209 - INFO - –Ч–∞–њ—Г—Б–Ї –±–Њ—В–∞ (Playwright –≤–µ—А—Б–Є—П)...
2026-03-10 13:13:08,004 - INFO - –Я–Њ–і–Ї–ї—О—З–Є–ї–Є—Б—М –Ї Telegram!
2026-03-10 13:13:08,004 - INFO - –Ь–Њ–љ–Є—В–Њ—А—О –Ї–∞–љ–∞–ї: NVKGYM
2026-03-10 13:13:47,266 - INFO - –Ч–∞–њ—Г—Б–Ї –±–Њ—В–∞ (Playwright –≤–µ—А—Б–Є—П)...
2026-03-10 13:13:48,363 - INFO - –Я–Њ–і–Ї–ї—О—З–Є–ї–Є—Б—М –Ї Telegram!
2026-03-10 13:13:48,363 - INFO - –Ь–Њ–љ–Є—В–Њ—А—О –Ї–∞–љ–∞–ї: my_gym_test
2026-03-10 13:14:16,497 - INFO - –Э–Њ–≤–Њ–µ —Б–Њ–Њ–±—Й–µ–љ–Є–µ [23]: 18:00 

https://docs.google.com/forms/d/e/1FAIpQLSela65n88TdQ_zyS-YAC1SOkJrzNUglHeUjUhE-KGBE6B9Y3g/viewform?usp=publish-
2026-03-10 13:14:16,498 - INFO - –Э–∞–є–і–µ–љ–Њ 3 —Б—Б—Л–ї–Њ–Ї –љ–∞ —Д–Њ—А–Љ—Г. –°–ї–Њ—В—Л: {'18:00': 'https://docs.google.com/forms/d/e/1FAIpQLSela65n88TdQ_z...', '19:15': 'https://docs.google.com/forms/d/e/1FAIpQLSela65n88TdQ_z...', '20:30': 'https://docs.google.com/forms/d/e/1FAIpQLSela65n88TdQ_z...'}
2026-03-10 13:14:16,498 - INFO - –Т—Л–±—А–∞–љ —Б–ї–Њ—В 19:15 (PREFERRED_TIME –Є–Ј config.py)
2026-03-10 13:14:16,499 - INFO - –§–Њ—А–Љ–∞ –љ–∞–є–і–µ–љ–∞: https://docs.google.com/forms/d/e/1FAIpQLSela65n88TdQ_zyS-YAC1SOkJrzNUglHeUjUhE-KGBE6B9Y3g/viewform?usp=publish-editor
2026-03-10 13:14:18,034 - INFO - –Ю—В–Ї—А—Л–≤–∞—О —Д–Њ—А–Љ—Г —З–µ—А–µ–Ј Playwright: https://docs.google.com/forms/d/e/1FAIpQLSela65n88TdQ_zyS-YAC1SOkJrzNUglHeUjUhE-KGBE6B9Y3g/viewform?usp=publish-editor
2026-03-10 13:14:23,630 - INFO - –Ч–∞–њ–Њ–ї–љ—П—О –њ–Њ–ї–µ 'entry.14248722' (–Є–љ–і–µ–Ї—Б 0)...
2026-03-10 13:14:23,775 - INFO - –†–µ–Ј—Г–ї—М—В–∞—В –Ј–∞–њ–Њ–ї–љ–µ–љ–Є—П –њ–Њ–ї—П 'entry.14248722': ok
2026-03-10 13:14:23,775 - INFO - –Ч–∞–њ–Њ–ї–љ—П—О –њ–Њ–ї–µ 'entry.1479772708' (–Є–љ–і–µ–Ї—Б 1)...
2026-03-10 13:14:23,856 - INFO - –†–µ–Ј—Г–ї—М—В–∞—В –Ј–∞–њ–Њ–ї–љ–µ–љ–Є—П –њ–Њ–ї—П 'entry.1479772708': ok
2026-03-10 13:14:23,856 - INFO - –Ч–∞–њ–Њ–ї–љ—П—О –њ–Њ–ї–µ 'emailAddress'...
2026-03-10 13:14:23,862 - INFO - –І–µ–Ї–±–Њ–Ї—Б emailAddress: ok
2026-03-10 13:14:24,467 - INFO - –°–Ї—А–Є–љ—И–Њ—В –і–Њ –Њ—В–њ—А–∞–≤–Ї–Є —Б–Њ—Е—А–∞–љ—С–љ: playwright_before_submit.png
2026-03-10 13:14:24,468 - INFO - –Ш—Й—Г –Ї–љ–Њ–њ–Ї—Г –Њ—В–њ—А–∞–≤–Ї–Є —Д–Њ—А–Љ—Л...
2026-03-10 13:14:24,474 - INFO - –Ъ–љ–Њ–њ–Ї–∞ Submit –љ–∞–є–і–µ–љ–∞ –њ–Њ —Б–µ–ї–µ–Ї—В–Њ—А—Г: div[role='button'][jsname='M2UYVd']
2026-03-10 13:14:24,480 - INFO - –Ъ–љ–Њ–њ–Ї–∞ –Њ—В–њ—А–∞–≤–Ї–Є –љ–∞–ґ–∞—В–∞ (JS click), –ґ–і—Г –Њ—В–≤–µ—В...
2026-03-10 13:14:26,619 - INFO - URL –њ–Њ—Б–ї–µ –Њ—В–њ—А–∞–≤–Ї–Є: https://docs.google.com/forms/u/0/d/e/1FAIpQLSela65n88TdQ_zyS-YAC1SOkJrzNUglHeUjUhE-KGBE6B9Y3g/formResponse?pli=1
2026-03-10 13:14:26,620 - INFO - –§–Њ—А–Љ–∞ —Г—Б–њ–µ—И–љ–Њ –Њ—В–њ—А–∞–≤–ї–µ–љ–∞ (–њ–Њ —В–µ–Ї—Б—В—Г —Б—В—А–∞–љ–Є—Ж—Л).
2026-03-10 13:14:27,184 - INFO - –§–Њ—А–Љ–∞ –Њ—В–њ—А–∞–≤–ї–µ–љ–∞ —Г—Б–њ–µ—И–љ–Њ.
2026-03-10 13:16:41,445 - INFO - –Э–Њ–≤–Њ–µ —Б–Њ–Њ–±—Й–µ–љ–Є–µ [24]: 18:00 

https://docs.google.com/forms/d/e/1FAIpQLSela65n88TdQ_zyS-YAC1SOkJrzNUglHeUjUhE-KGBE6B9Y3g/viewform?usp=publish-
2026-03-10 13:16:41,446 - INFO - –Э–∞–є–і–µ–љ–Њ 3 —Б—Б—Л–ї–Њ–Ї –љ–∞ —Д–Њ—А–Љ—Г. –°–ї–Њ—В—Л: {'18:00': 'https://docs.google.com/forms/d/e/1FAIpQLSela65n88TdQ_z...', '19:15': 'https://docs.google.com/forms/d/e/1FAIpQLSela65n88TdQ_z...', '20:30': 'https://docs.google.com/forms/d/e/1FAIpQLSela65n88TdQ_z...'}
2026-03-10 13:16:41,447 - INFO - –Т—Л–±—А–∞–љ —Б–ї–Њ—В 19:15 (PREFERRED_TIME –Є–Ј config.py)
2026-03-10 13:16:41,447 - INFO - –§–Њ—А–Љ–∞ –љ–∞–є–і–µ–љ–∞: https://docs.google.com/forms/d/e/1FAIpQLSela65n88TdQ_zyS-YAC1SOkJrzNUglHeUjUhE-KGBE6B9Y3g/viewform?usp=publish-editor
2026-03-10 13:16:42,303 - INFO - –Ю—В–Ї—А—Л–≤–∞—О —Д–Њ—А–Љ—Г —З–µ—А–µ–Ј Playwright: https://docs.google.com/forms/d/e/1FAIpQLSela65n88TdQ_zyS-YAC1SOkJrzNUglHeUjUhE-KGBE6B9Y3g/viewform?usp=publish-editor
2026-03-10 13:16:46,690 - INFO - –Ч–∞–њ–Њ–ї–љ—П—О –њ–Њ–ї–µ 'entry.14248722' (–Є–љ–і–µ–Ї—Б 0)...
2026-03-10 13:16:46,820 - INFO - –†–µ–Ј—Г–ї—М—В–∞—В –Ј–∞–њ–Њ–ї–љ–µ–љ–Є—П –њ–Њ–ї—П 'entry.14248722': ok
2026-03-10 13:16:46,821 - INFO - –Ч–∞–њ–Њ–ї–љ—П—О –њ–Њ–ї–µ 'entry.1479772708' (–Є–љ–і–µ–Ї—Б 1)...
2026-03-10 13:16:46,903 - INFO - –†–µ–Ј—Г–ї—М—В–∞—В –Ј–∞–њ–Њ–ї–љ–µ–љ–Є—П –њ–Њ–ї—П 'entry.1479772708': ok
2026-03-10 13:16:46,903 - INFO - –Ч–∞–њ–Њ–ї–љ—П—О –њ–Њ–ї–µ 'emailAddress'...
2026-03-10 13:16:46,910 - INFO - –І–µ–Ї–±–Њ–Ї—Б emailAddress: ok
2026-03-10 13:16:47,532 - INFO - –°–Ї—А–Є–љ—И–Њ—В –і–Њ –Њ—В–њ—А–∞–≤–Ї–Є —Б–Њ—Е—А–∞–љ—С–љ: playwright_before_submit.png
2026-03-10 13:16:47,532 - INFO - –Ш—Й—Г –Ї–љ–Њ–њ–Ї—Г –Њ—В–њ—А–∞–≤–Ї–Є —Д–Њ—А–Љ—Л...
2026-03-10 13:16:47,541 - INFO - –Ъ–љ–Њ–њ–Ї–∞ Submit –љ–∞–є–і–µ–љ–∞ –њ–Њ —Б–µ–ї–µ–Ї—В–Њ—А—Г: div[role='button'][jsname='M2UYVd']
2026-03-10 13:16:47,547 - INFO - –Ъ–љ–Њ–њ–Ї–∞ –Њ—В–њ—А–∞–≤–Ї–Є –љ–∞–ґ–∞—В–∞ (JS click), –ґ–і—Г –Њ—В–≤–µ—В...
2026-03-10 13:16:49,681 - INFO - URL –њ–Њ—Б–ї–µ –Њ—В–њ—А–∞–≤–Ї–Є: https://docs.google.com/forms/u/0/d/e/1FAIpQLSela65n88TdQ_zyS-YAC1SOkJrzNUglHeUjUhE-KGBE6B9Y3g/formResponse?pli=1
2026-03-10 13:16:49,682 - INFO - –§–Њ—А–Љ–∞ —Г—Б–њ–µ—И–љ–Њ –Њ—В–њ—А–∞–≤–ї–µ–љ–∞ (–њ–Њ —В–µ–Ї—Б—В—Г —Б—В—А–∞–љ–Є—Ж—Л).
2026-03-10 13:16:50,117 - INFO - –§–Њ—А–Љ–∞ –Њ—В–њ—А–∞–≤–ї–µ–љ–∞ —Г—Б–њ–µ—И–љ–Њ.
2026-03-10 13:54:36,204 - INFO - –Ч–∞–њ—Г—Б–Ї –±–Њ—В–∞ (Playwright –≤–µ—А—Б–Є—П)...
2026-03-10 13:54:36,980 - INFO - –Я–Њ–і–Ї–ї—О—З–Є–ї–Є—Б—М –Ї Telegram!
2026-03-10 13:54:36,980 - INFO - –Ь–Њ–љ–Є—В–Њ—А—О –Ї–∞–љ–∞–ї: NVKGYM
2026-03-10 13:55:23,173 - INFO - –Ч–∞–њ—Г—Б–Ї –±–Њ—В–∞ (Playwright –≤–µ—А—Б–Є—П)...
2026-03-10 13:55:23,885 - INFO - –Я–Њ–і–Ї–ї—О—З–Є–ї–Є—Б—М –Ї Telegram!
2026-03-10 13:55:23,885 - INFO - –Ь–Њ–љ–Є—В–Њ—А—О –Ї–∞–љ–∞–ї: my_gym_test
2026-03-10 13:55:37,642 - INFO - –Э–Њ–≤–Њ–µ —Б–Њ–Њ–±—Й–µ–љ–Є–µ [25]: 18:00 
https://docs.google.com/forms/d/e/1FAIpQLScIZHeiROQHince1n5a48BRfDCaN_wbKqdOzzX6mO4jgIr7dg/viewform?usp=publish-e
2026-03-10 13:55:37,642 - INFO - –Э–∞–є–і–µ–љ–Њ 3 —Б—Б—Л–ї–Њ–Ї –љ–∞ —Д–Њ—А–Љ—Г. –°–ї–Њ—В—Л: {'18:00': 'https://docs.google.com/forms/d/e/1FAIpQLScIZHeiROQHinc...', '19:15': 'https://docs.google.com/forms/d/e/1FAIpQLSf2fC8lt2xvFc5...', '20:30': 'https://docs.google.com/forms/d/e/1FAIpQLSdCIdeeBj_JY__...'}
2026-03-10 13:55:37,643 - INFO - –Т—Л–±—А–∞–љ —Б–ї–Њ—В 19:15 (PREFERRED_TIME –Є–Ј config.py)
2026-03-10 13:55:37,643 - INFO - –§–Њ—А–Љ–∞ –љ–∞–є–і–µ–љ–∞: https://docs.google.com/forms/d/e/1FAIpQLSf2fC8lt2xvFc56ZpPEr0SoNEIb64I60rwFZPeThmUY8t-Rwg/viewform?usp=publish-editor
2026-03-10 13:55:37,643 - INFO - –Т—А–µ–Љ—П —Б–ї–Њ—В–∞: 19:15
2026-03-10 13:55:37,643 - INFO - –Я–Њ–ї—П –і–ї—П —Б–ї–Њ—В–∞ 19:15: {'entry.1085091478': '–†–Њ–ґ–Є–љ –°—В–µ–њ–∞–љ –°—В–∞–љ–Є—Б–ї–∞–≤–Њ–≤–Є—З', 'entry.555088337': '@rozhinstep', 'emailAddress': 'stepan.rozhin207@gmail.com'}
2026-03-10 13:55:39,429 - INFO - –Ю—В–Ї—А—Л–≤–∞—О —Д–Њ—А–Љ—Г —З–µ—А–µ–Ј Playwright: https://docs.google.com/forms/d/e/1FAIpQLSf2fC8lt2xvFc56ZpPEr0SoNEIb64I60rwFZPeThmUY8t-Rwg/viewform?usp=publish-editor
2026-03-10 13:55:44,834 - INFO - –Ч–∞–њ–Њ–ї–љ—П—О –њ–Њ–ї–µ 'entry.1085091478' (–Є–љ–і–µ–Ї—Б 0)...
2026-03-10 13:55:44,995 - INFO - –†–µ–Ј—Г–ї—М—В–∞—В –Ј–∞–њ–Њ–ї–љ–µ–љ–Є—П –њ–Њ–ї—П 'entry.1085091478': ok
2026-03-10 13:55:44,995 - INFO - –Ч–∞–њ–Њ–ї–љ—П—О –њ–Њ–ї–µ 'entry.555088337' (–Є–љ–і–µ–Ї—Б 1)...
2026-03-10 13:55:45,081 - INFO - –†–µ–Ј—Г–ї—М—В–∞—В –Ј–∞–њ–Њ–ї–љ–µ–љ–Є—П –њ–Њ–ї—П 'entry.555088337': ok
2026-03-10 13:55:45,081 - INFO - –Ч–∞–њ–Њ–ї–љ—П—О –њ–Њ–ї–µ 'emailAddress'...
2026-03-10 13:55:45,088 - INFO - –І–µ–Ї–±–Њ–Ї—Б emailAddress: ok
2026-03-10 13:55:45,700 - INFO - –°–Ї—А–Є–љ—И–Њ—В –і–Њ –Њ—В–њ—А–∞–≤–Ї–Є —Б–Њ—Е—А–∞–љ—С–љ: playwright_before_submit.png
2026-03-10 13:55:45,700 - INFO - –Ш—Й—Г –Ї–љ–Њ–њ–Ї—Г –Њ—В–њ—А–∞–≤–Ї–Є —Д–Њ—А–Љ—Л...
2026-03-10 13:55:45,708 - INFO - –Ъ–љ–Њ–њ–Ї–∞ Submit –љ–∞–є–і–µ–љ–∞ –њ–Њ —Б–µ–ї–µ–Ї—В–Њ—А—Г: div[role='button'][jsname='M2UYVd']
2026-03-10 13:55:45,715 - INFO - –Ъ–љ–Њ–њ–Ї–∞ –Њ—В–њ—А–∞–≤–Ї–Є –љ–∞–ґ–∞—В–∞ (JS click), –ґ–і—Г –Њ—В–≤–µ—В...
2026-03-10 13:55:47,866 - INFO - URL –њ–Њ—Б–ї–µ –Њ—В–њ—А–∞–≤–Ї–Є: https://docs.google.com/forms/u/0/d/e/1FAIpQLSf2fC8lt2xvFc56ZpPEr0SoNEIb64I60rwFZPeThmUY8t-Rwg/formResponse?pli=1
2026-03-10 13:55:47,866 - INFO - –§–Њ—А–Љ–∞ —Г—Б–њ–µ—И–љ–Њ –Њ—В–њ—А–∞–≤–ї–µ–љ–∞ (–њ–Њ —В–µ–Ї—Б—В—Г —Б—В—А–∞–љ–Є—Ж—Л).
2026-03-10 13:55:48,346 - INFO - –§–Њ—А–Љ–∞ –Њ—В–њ—А–∞–≤–ї–µ–љ–∞ —Г—Б–њ–µ—И–љ–Њ.
2026-03-10 15:00:35,722 - INFO - –Ч–∞–њ—Г—Б–Ї –±–Њ—В–∞ (Playwright –≤–µ—А—Б–Є—П)...
2026-03-10 15:00:37,523 - INFO - –Я–Њ–і–Ї–ї—О—З–Є–ї–Є—Б—М –Ї Telegram!
2026-03-10 15:00:37,523 - INFO - –Ь–Њ–љ–Є—В–Њ—А—О –Ї–∞–љ–∞–ї: NVKGYM
2026-03-10 15:04:50,957 - INFO - –Э–Њ–≤–Њ–µ —Б–Њ–Њ–±—Й–µ–љ–Є–µ [555]: –Ф–ї—П –њ—А–Њ—Б–Љ–Њ—В—А–∞ –Ј–∞–њ–Є—Б–µ–є!!!
https://docs.google.com/spreadsheets/d/1RkoRW4XG3LbCFYvuzP94qVeSJR89CvbfPxQX867ICHQ/edit?gid=22
2026-03-10 15:04:50,958 - INFO - –Э–∞–є–і–µ–љ–Њ 3 —Б—Б—Л–ї–Њ–Ї –љ–∞ —Д–Њ—А–Љ—Г. –°–ї–Њ—В—Л: {'18:00': 'https://docs.google.com/forms/d/1mveEcoukr_uwIVayzp1kW3...', '19:15': 'https://docs.google.com/forms/d/1aEVdPjEWAz8im6LRp2TcWU...', '20:30': 'https://docs.google.com/forms/d/13_qMEBglRJyREsuust01HB...'}
2026-03-10 15:04:50,958 - INFO - –Т—Л–±—А–∞–љ —Б–ї–Њ—В 19:15 (PREFERRED_TIME –Є–Ј config.py)
2026-03-10 15:04:50,959 - INFO - –§–Њ—А–Љ–∞ –љ–∞–є–і–µ–љ–∞: https://docs.google.com/forms/d/1aEVdPjEWAz8im6LRp2TcWUGfKKABtIoeUnFSJKymekg/edit
2026-03-10 15:04:50,959 - INFO - –Т—А–µ–Љ—П —Б–ї–Њ—В–∞: 19:15
2026-03-10 15:04:50,959 - INFO - –Я–Њ–ї—П –і–ї—П —Б–ї–Њ—В–∞ 19:15: {'entry.1085091478': '–†–Њ–ґ–Є–љ –°—В–µ–њ–∞–љ –°—В–∞–љ–Є—Б–ї–∞–≤–Њ–≤–Є—З', 'entry.555088337': '@rozhinstep', 'emailAddress': 'stepan.rozhin207@gmail.com'}
2026-03-10 15:04:51,942 - INFO - –Ю—В–Ї—А—Л–≤–∞—О —Д–Њ—А–Љ—Г —З–µ—А–µ–Ј Playwright: https://docs.google.com/forms/d/1aEVdPjEWAz8im6LRp2TcWUGfKKABtIoeUnFSJKymekg/edit
2026-03-10 15:04:56,891 - INFO - –Ч–∞–њ–Њ–ї–љ—П—О –њ–Њ–ї–µ 'entry.1085091478' (–Є–љ–і–µ–Ї—Б 0)...
2026-03-10 15:04:57,027 - INFO - –†–µ–Ј—Г–ї—М—В–∞—В –Ј–∞–њ–Њ–ї–љ–µ–љ–Є—П –њ–Њ–ї—П 'entry.1085091478': ok
2026-03-10 15:04:57,028 - INFO - –Ч–∞–њ–Њ–ї–љ—П—О –њ–Њ–ї–µ 'entry.555088337' (–Є–љ–і–µ–Ї—Б 1)...
2026-03-10 15:04:57,097 - INFO - –†–µ–Ј—Г–ї—М—В–∞—В –Ј–∞–њ–Њ–ї–љ–µ–љ–Є—П –њ–Њ–ї—П 'entry.555088337': ok
2026-03-10 15:04:57,097 - INFO - –Ч–∞–њ–Њ–ї–љ—П—О –њ–Њ–ї–µ 'emailAddress'...
2026-03-10 15:04:57,102 - INFO - –І–µ–Ї–±–Њ–Ї—Б emailAddress: ok
2026-03-10 15:04:57,814 - INFO - –°–Ї—А–Є–љ—И–Њ—В –і–Њ –Њ—В–њ—А–∞–≤–Ї–Є —Б–Њ—Е—А–∞–љ—С–љ: playwright_before_submit.png
2026-03-10 15:04:57,814 - INFO - –Ш—Й—Г –Ї–љ–Њ–њ–Ї—Г –Њ—В–њ—А–∞–≤–Ї–Є —Д–Њ—А–Љ—Л...
2026-03-10 15:04:57,821 - INFO - –Ъ–љ–Њ–њ–Ї–∞ Submit –љ–∞–є–і–µ–љ–∞ –њ–Њ —Б–µ–ї–µ–Ї—В–Њ—А—Г: div[role='button'][jsname='M2UYVd']
2026-03-10 15:04:57,831 - INFO - –Ъ–љ–Њ–њ–Ї–∞ –Њ—В–њ—А–∞–≤–Ї–Є –љ–∞–ґ–∞—В–∞ (JS click), –ґ–і—Г –Њ—В–≤–µ—В...
2026-03-10 15:04:59,978 - INFO - URL –њ–Њ—Б–ї–µ –Њ—В–њ—А–∞–≤–Ї–Є: https://docs.google.com/forms/d/1aEVdPjEWAz8im6LRp2TcWUGfKKABtIoeUnFSJKymekg/viewform?pli=1&pli=1&edit_requested=true
2026-03-10 15:04:59,979 - ERROR - Google –≤–µ—А–љ—Г–ї —Б—В—А–∞–љ–Є—Ж—Г —Д–Њ—А–Љ—Л —Б–љ–Њ–≤–∞ вАФ –Њ—В–њ—А–∞–≤–Ї–∞ –љ–µ –њ—А–Њ—И–ї–∞.
2026-03-10 15:05:51,266 - ERROR - –Ю—В–њ—А–∞–≤–Ї–∞ –Ј–∞–≤–µ—А—И–Є–ї–∞—Б—М —Б –Њ—И–Є–±–Ї–Њ–є.
2026-03-10 18:35:14,266 - INFO - –Ч–∞–њ—Г—Б–Ї –±–Њ—В–∞ (Playwright –≤–µ—А—Б–Є—П)...
2026-03-10 18:35:15,477 - INFO - –Я–Њ–і–Ї–ї—О—З–Є–ї–Є—Б—М –Ї Telegram!
2026-03-10 18:35:15,478 - INFO - –Ц–і—Г –љ–Њ–≤–Њ–µ —Б–Њ–Њ–±—Й–µ–љ–Є–µ —Б —Д–Њ—А–Љ–∞–Љ–Є –≤ –Ї–∞–љ–∞–ї–µ: NVKGYM
